<?xml version="1.0" encoding="UTF-8"?>
<testsuites name="Data_Binding_Using_Variable" time="44.056" tests="6" failures="0" errors="0">
   <testsuite name="Data_Binding_Using_Variable" tests="6" failures="0" errors="0" time="44.056" skipped="0" timestamp="05-01-2024T13:05:15" hostname="User - DESKTOP-N742MEB" id="Test Suites/Regression Test Suite/Data_Binding_Using_Variable">
      <properties>
         <property name="deviceName" value=""/>
         <property name="devicePlatform" value=""/>
         <property name="logFolder" value="C:\\Users\\User\\git\\bug-hunt-katalon\\Reports\\20240105_130511\\Regression Test Suite\\Data_Binding_Using_Variable\\20240105_130511"/>
         <property name="logFiles" value="C:\\Users\\User\\git\\bug-hunt-katalon\\Reports\\20240105_130511\\Regression Test Suite\\Data_Binding_Using_Variable\\20240105_130511\\execution0.log"/>
         <property name="attachments" value=""/>
         <property name="hostName" value="User - DESKTOP-N742MEB"/>
         <property name="os" value="Windows 10 64bit"/>
         <property name="katalonVersion" value="9.2.0.212"/>
         <property name="browser" value="Chrome 120.0.0.0"/>
         <property name="hostAddress" value="192.168.1.104"/>
         <property name="sessionId" value="a5491ecb355847f7d248e43ba546f0c2"/>
         <property name="seleniumVersion" value="3.141.59"/>
         <property name="proxyInformation" value="ProxyInformation { proxyOption=NO_PROXY, proxyServerType=HTTP, username=, password=********, proxyServerAddress=, proxyServerPort=0, executionList=&quot;&quot;, isApplyToDesiredCapabilities=true }"/>
         <property name="platform" value="Windows 10"/>
      </properties>
      <testcase name="Test Cases/CURA Healthcare Service/Working_With_TestCase_Variable" time="8.591" classname="Test Cases/CURA Healthcare Service/Working_With_TestCase_Variable" status="PASSED">
         <system-out><![CDATA[05-01-2024T13:05:15 - [TEST_CASE][PASSED] - Test Cases/CURA Healthcare Service/Working_With_TestCase_Variable: Test Cases/CURA Healthcare Service/Working_With_TestCase_Variable

05-01-2024T13:05:15 - [TEST_STEP][PASSED] - openBrowser(""): Browser is opened with url: ''

05-01-2024T13:05:15 - [MESSAGE][INFO] - Starting 'Chrome' driver

05-01-2024T13:05:16 - [MESSAGE][INFO] - Action delay is set to 0 milliseconds

05-01-2024T13:05:17 - [MESSAGE][PASSED] - Browser is opened with url: ''

05-01-2024T13:05:17 - [TEST_STEP][PASSED] - expectedTitle = <not implemented yet for class: org.codehaus.groovy.ast.expr.EmptyExpression>: null

05-01-2024T13:05:17 - [TEST_STEP][PASSED] - navigateToUrl(URL): Navigate to 'https://katalon-demo-cura.herokuapp.com/' successfully

05-01-2024T13:05:20 - [MESSAGE][PASSED] - Navigate to 'https://katalon-demo-cura.herokuapp.com/' successfully

05-01-2024T13:05:20 - [TEST_STEP][PASSED] - click(findTestObject("Page_CURA Healthcare Service/btnMakeAppointment")): Object: 'Object Repository/Page_CURA Healthcare Service/btnMakeAppointment' is clicked on

05-01-2024T13:05:21 - [MESSAGE][PASSED] - Object: 'Object Repository/Page_CURA Healthcare Service/btnMakeAppointment' is clicked on

05-01-2024T13:05:21 - [TEST_STEP][PASSED] - for (def index : (0..0)): Actual text and expected text of test object 'Object Repository/Page_CURA Healthcare Service/h2loginFailed' are matched.

05-01-2024T13:05:21 - [TEST_STEP][PASSED] - if (true): Actual text and expected text of test object 'Object Repository/Page_CURA Healthcare Service/h2loginFailed' are matched.

05-01-2024T13:05:21 - [TEST_STEP][PASSED] - setText(findTestObject("Page_CURA Healthcare Service/txtUsername"), username): Text 'Nadim' is set on object 'Object Repository/Page_CURA Healthcare Service/txtUsername'

05-01-2024T13:05:21 - [MESSAGE][PASSED] - Text 'Nadim' is set on object 'Object Repository/Page_CURA Healthcare Service/txtUsername'

05-01-2024T13:05:21 - [TEST_STEP][PASSED] - setText(findTestObject("Page_CURA Healthcare Service/txtPassword"), password): Text 'Nadim123' is set on object 'Object Repository/Page_CURA Healthcare Service/txtPassword'

05-01-2024T13:05:22 - [MESSAGE][PASSED] - Text 'Nadim123' is set on object 'Object Repository/Page_CURA Healthcare Service/txtPassword'

05-01-2024T13:05:22 - [TEST_STEP][PASSED] - click(findTestObject("Page_CURA Healthcare Service/btnLogin")): Object: 'Object Repository/Page_CURA Healthcare Service/btnLogin' is clicked on

05-01-2024T13:05:23 - [MESSAGE][PASSED] - Object: 'Object Repository/Page_CURA Healthcare Service/btnLogin' is clicked on

05-01-2024T13:05:23 - [TEST_STEP][PASSED] - verifyElementText(findTestObject("Page_CURA Healthcare Service/h2loginFailed"), "Login failed! Please ensure the username and password are valid."): Actual text and expected text of test object 'Object Repository/Page_CURA Healthcare Service/h2loginFailed' are matched.

05-01-2024T13:05:23 - [MESSAGE][PASSED] - Actual text and expected text of test object 'Object Repository/Page_CURA Healthcare Service/h2loginFailed' are matched.

05-01-2024T13:05:23 - [TEST_STEP][PASSED] - closeBrowser(): Browser is closed

05-01-2024T13:05:23 - [MESSAGE][PASSED] - Browser is closed]]></system-out>
         <system-err><![CDATA[]]></system-err>
      </testcase>
      <testcase name="Test Cases/CURA Healthcare Service/Working_With_TestCase_Variable" time="7.018" classname="Test Cases/CURA Healthcare Service/Working_With_TestCase_Variable" status="PASSED">
         <system-out><![CDATA[05-01-2024T13:05:23 - [TEST_CASE][PASSED] - Test Cases/CURA Healthcare Service/Working_With_TestCase_Variable: Test Cases/CURA Healthcare Service/Working_With_TestCase_Variable

05-01-2024T13:05:23 - [TEST_STEP][PASSED] - openBrowser(""): Browser is opened with url: ''

05-01-2024T13:05:23 - [MESSAGE][INFO] - Starting 'Chrome' driver

05-01-2024T13:05:23 - [MESSAGE][INFO] - Action delay is set to 0 milliseconds

05-01-2024T13:05:24 - [MESSAGE][PASSED] - Browser is opened with url: ''

05-01-2024T13:05:24 - [TEST_STEP][PASSED] - expectedTitle = <not implemented yet for class: org.codehaus.groovy.ast.expr.EmptyExpression>: null

05-01-2024T13:05:24 - [TEST_STEP][PASSED] - navigateToUrl(URL): Navigate to 'https://katalon-demo-cura.herokuapp.com/' successfully

05-01-2024T13:05:27 - [MESSAGE][PASSED] - Navigate to 'https://katalon-demo-cura.herokuapp.com/' successfully

05-01-2024T13:05:27 - [TEST_STEP][PASSED] - click(findTestObject("Page_CURA Healthcare Service/btnMakeAppointment")): Object: 'Object Repository/Page_CURA Healthcare Service/btnMakeAppointment' is clicked on

05-01-2024T13:05:28 - [MESSAGE][PASSED] - Object: 'Object Repository/Page_CURA Healthcare Service/btnMakeAppointment' is clicked on

05-01-2024T13:05:28 - [TEST_STEP][PASSED] - for (def index : (0..0)): Actual text and expected text of test object 'Object Repository/Page_CURA Healthcare Service/h2loginFailed' are matched.

05-01-2024T13:05:28 - [TEST_STEP][PASSED] - if (true): Actual text and expected text of test object 'Object Repository/Page_CURA Healthcare Service/h2loginFailed' are matched.

05-01-2024T13:05:28 - [TEST_STEP][PASSED] - setText(findTestObject("Page_CURA Healthcare Service/txtUsername"), username): Text 'Admin' is set on object 'Object Repository/Page_CURA Healthcare Service/txtUsername'

05-01-2024T13:05:28 - [MESSAGE][PASSED] - Text 'Admin' is set on object 'Object Repository/Page_CURA Healthcare Service/txtUsername'

05-01-2024T13:05:28 - [TEST_STEP][PASSED] - setText(findTestObject("Page_CURA Healthcare Service/txtPassword"), password): Text 'Admin321' is set on object 'Object Repository/Page_CURA Healthcare Service/txtPassword'

05-01-2024T13:05:29 - [MESSAGE][PASSED] - Text 'Admin321' is set on object 'Object Repository/Page_CURA Healthcare Service/txtPassword'

05-01-2024T13:05:29 - [TEST_STEP][PASSED] - click(findTestObject("Page_CURA Healthcare Service/btnLogin")): Object: 'Object Repository/Page_CURA Healthcare Service/btnLogin' is clicked on

05-01-2024T13:05:30 - [MESSAGE][PASSED] - Object: 'Object Repository/Page_CURA Healthcare Service/btnLogin' is clicked on

05-01-2024T13:05:30 - [TEST_STEP][PASSED] - verifyElementText(findTestObject("Page_CURA Healthcare Service/h2loginFailed"), "Login failed! Please ensure the username and password are valid."): Actual text and expected text of test object 'Object Repository/Page_CURA Healthcare Service/h2loginFailed' are matched.

05-01-2024T13:05:30 - [MESSAGE][PASSED] - Actual text and expected text of test object 'Object Repository/Page_CURA Healthcare Service/h2loginFailed' are matched.

05-01-2024T13:05:30 - [TEST_STEP][PASSED] - closeBrowser(): Browser is closed

05-01-2024T13:05:30 - [MESSAGE][PASSED] - Browser is closed]]></system-out>
         <system-err><![CDATA[]]></system-err>
      </testcase>
      <testcase name="Test Cases/CURA Healthcare Service/Working_With_TestCase_Variable" time="7.015" classname="Test Cases/CURA Healthcare Service/Working_With_TestCase_Variable" status="PASSED">
         <system-out><![CDATA[05-01-2024T13:05:30 - [TEST_CASE][PASSED] - Test Cases/CURA Healthcare Service/Working_With_TestCase_Variable: Test Cases/CURA Healthcare Service/Working_With_TestCase_Variable

05-01-2024T13:05:30 - [TEST_STEP][PASSED] - openBrowser(""): Browser is opened with url: ''

05-01-2024T13:05:30 - [MESSAGE][INFO] - Starting 'Chrome' driver

05-01-2024T13:05:30 - [MESSAGE][INFO] - Action delay is set to 0 milliseconds

05-01-2024T13:05:31 - [MESSAGE][PASSED] - Browser is opened with url: ''

05-01-2024T13:05:31 - [TEST_STEP][PASSED] - expectedTitle = <not implemented yet for class: org.codehaus.groovy.ast.expr.EmptyExpression>: null

05-01-2024T13:05:31 - [TEST_STEP][PASSED] - navigateToUrl(URL): Navigate to 'https://katalon-demo-cura.herokuapp.com/' successfully

05-01-2024T13:05:34 - [MESSAGE][PASSED] - Navigate to 'https://katalon-demo-cura.herokuapp.com/' successfully

05-01-2024T13:05:34 - [TEST_STEP][PASSED] - click(findTestObject("Page_CURA Healthcare Service/btnMakeAppointment")): Object: 'Object Repository/Page_CURA Healthcare Service/btnMakeAppointment' is clicked on

05-01-2024T13:05:35 - [MESSAGE][PASSED] - Object: 'Object Repository/Page_CURA Healthcare Service/btnMakeAppointment' is clicked on

05-01-2024T13:05:35 - [TEST_STEP][PASSED] - for (def index : (0..0)): Actual text and expected text of test object 'Object Repository/Page_CURA Healthcare Service/h2loginFailed' are matched.

05-01-2024T13:05:35 - [TEST_STEP][PASSED] - if (true): Actual text and expected text of test object 'Object Repository/Page_CURA Healthcare Service/h2loginFailed' are matched.

05-01-2024T13:05:35 - [TEST_STEP][PASSED] - setText(findTestObject("Page_CURA Healthcare Service/txtUsername"), username): Text 'Ali' is set on object 'Object Repository/Page_CURA Healthcare Service/txtUsername'

05-01-2024T13:05:35 - [MESSAGE][PASSED] - Text 'Ali' is set on object 'Object Repository/Page_CURA Healthcare Service/txtUsername'

05-01-2024T13:05:35 - [TEST_STEP][PASSED] - setText(findTestObject("Page_CURA Healthcare Service/txtPassword"), password): Text 'Ali123' is set on object 'Object Repository/Page_CURA Healthcare Service/txtPassword'

05-01-2024T13:05:36 - [MESSAGE][PASSED] - Text 'Ali123' is set on object 'Object Repository/Page_CURA Healthcare Service/txtPassword'

05-01-2024T13:05:36 - [TEST_STEP][PASSED] - click(findTestObject("Page_CURA Healthcare Service/btnLogin")): Object: 'Object Repository/Page_CURA Healthcare Service/btnLogin' is clicked on

05-01-2024T13:05:37 - [MESSAGE][PASSED] - Object: 'Object Repository/Page_CURA Healthcare Service/btnLogin' is clicked on

05-01-2024T13:05:37 - [TEST_STEP][PASSED] - verifyElementText(findTestObject("Page_CURA Healthcare Service/h2loginFailed"), "Login failed! Please ensure the username and password are valid."): Actual text and expected text of test object 'Object Repository/Page_CURA Healthcare Service/h2loginFailed' are matched.

05-01-2024T13:05:37 - [MESSAGE][PASSED] - Actual text and expected text of test object 'Object Repository/Page_CURA Healthcare Service/h2loginFailed' are matched.

05-01-2024T13:05:37 - [TEST_STEP][PASSED] - closeBrowser(): Browser is closed

05-01-2024T13:05:37 - [MESSAGE][PASSED] - Browser is closed]]></system-out>
         <system-err><![CDATA[]]></system-err>
      </testcase>
      <testcase name="Test Cases/CURA Healthcare Service/Working_With_TestCase_Variable" time="7.143" classname="Test Cases/CURA Healthcare Service/Working_With_TestCase_Variable" status="PASSED">
         <system-out><![CDATA[05-01-2024T13:05:38 - [TEST_CASE][PASSED] - Test Cases/CURA Healthcare Service/Working_With_TestCase_Variable: Test Cases/CURA Healthcare Service/Working_With_TestCase_Variable

05-01-2024T13:05:38 - [TEST_STEP][PASSED] - openBrowser(""): Browser is opened with url: ''

05-01-2024T13:05:38 - [MESSAGE][INFO] - Starting 'Chrome' driver

05-01-2024T13:05:38 - [MESSAGE][INFO] - Action delay is set to 0 milliseconds

05-01-2024T13:05:38 - [MESSAGE][PASSED] - Browser is opened with url: ''

05-01-2024T13:05:38 - [TEST_STEP][PASSED] - expectedTitle = <not implemented yet for class: org.codehaus.groovy.ast.expr.EmptyExpression>: null

05-01-2024T13:05:38 - [TEST_STEP][PASSED] - navigateToUrl(URL): Navigate to 'https://katalon-demo-cura.herokuapp.com/' successfully

05-01-2024T13:05:41 - [MESSAGE][PASSED] - Navigate to 'https://katalon-demo-cura.herokuapp.com/' successfully

05-01-2024T13:05:41 - [TEST_STEP][PASSED] - click(findTestObject("Page_CURA Healthcare Service/btnMakeAppointment")): Object: 'Object Repository/Page_CURA Healthcare Service/btnMakeAppointment' is clicked on

05-01-2024T13:05:42 - [MESSAGE][PASSED] - Object: 'Object Repository/Page_CURA Healthcare Service/btnMakeAppointment' is clicked on

05-01-2024T13:05:42 - [TEST_STEP][PASSED] - for (def index : (0..0)): Actual text and expected text of test object 'Object Repository/Page_CURA Healthcare Service/h2loginFailed' are matched.

05-01-2024T13:05:42 - [TEST_STEP][PASSED] - if (true): Actual text and expected text of test object 'Object Repository/Page_CURA Healthcare Service/h2loginFailed' are matched.

05-01-2024T13:05:42 - [TEST_STEP][PASSED] - setText(findTestObject("Page_CURA Healthcare Service/txtUsername"), username): Text 'Muthu' is set on object 'Object Repository/Page_CURA Healthcare Service/txtUsername'

05-01-2024T13:05:43 - [MESSAGE][PASSED] - Text 'Muthu' is set on object 'Object Repository/Page_CURA Healthcare Service/txtUsername'

05-01-2024T13:05:43 - [TEST_STEP][PASSED] - setText(findTestObject("Page_CURA Healthcare Service/txtPassword"), password): Text 'Muthu123' is set on object 'Object Repository/Page_CURA Healthcare Service/txtPassword'

05-01-2024T13:05:43 - [MESSAGE][PASSED] - Text 'Muthu123' is set on object 'Object Repository/Page_CURA Healthcare Service/txtPassword'

05-01-2024T13:05:43 - [TEST_STEP][PASSED] - click(findTestObject("Page_CURA Healthcare Service/btnLogin")): Object: 'Object Repository/Page_CURA Healthcare Service/btnLogin' is clicked on

05-01-2024T13:05:44 - [MESSAGE][PASSED] - Object: 'Object Repository/Page_CURA Healthcare Service/btnLogin' is clicked on

05-01-2024T13:05:44 - [TEST_STEP][PASSED] - verifyElementText(findTestObject("Page_CURA Healthcare Service/h2loginFailed"), "Login failed! Please ensure the username and password are valid."): Actual text and expected text of test object 'Object Repository/Page_CURA Healthcare Service/h2loginFailed' are matched.

05-01-2024T13:05:45 - [MESSAGE][PASSED] - Actual text and expected text of test object 'Object Repository/Page_CURA Healthcare Service/h2loginFailed' are matched.

05-01-2024T13:05:45 - [TEST_STEP][PASSED] - closeBrowser(): Browser is closed

05-01-2024T13:05:45 - [MESSAGE][PASSED] - Browser is closed]]></system-out>
         <system-err><![CDATA[]]></system-err>
      </testcase>
      <testcase name="Test Cases/CURA Healthcare Service/Working_With_TestCase_Variable" time="7.011" classname="Test Cases/CURA Healthcare Service/Working_With_TestCase_Variable" status="PASSED">
         <system-out><![CDATA[05-01-2024T13:05:45 - [TEST_CASE][PASSED] - Test Cases/CURA Healthcare Service/Working_With_TestCase_Variable: Test Cases/CURA Healthcare Service/Working_With_TestCase_Variable

05-01-2024T13:05:45 - [TEST_STEP][PASSED] - openBrowser(""): Browser is opened with url: ''

05-01-2024T13:05:45 - [MESSAGE][INFO] - Starting 'Chrome' driver

05-01-2024T13:05:45 - [MESSAGE][INFO] - Action delay is set to 0 milliseconds

05-01-2024T13:05:45 - [MESSAGE][PASSED] - Browser is opened with url: ''

05-01-2024T13:05:45 - [TEST_STEP][PASSED] - expectedTitle = <not implemented yet for class: org.codehaus.groovy.ast.expr.EmptyExpression>: null

05-01-2024T13:05:45 - [TEST_STEP][PASSED] - navigateToUrl(URL): Navigate to 'https://katalon-demo-cura.herokuapp.com/' successfully

05-01-2024T13:05:48 - [MESSAGE][PASSED] - Navigate to 'https://katalon-demo-cura.herokuapp.com/' successfully

05-01-2024T13:05:48 - [TEST_STEP][PASSED] - click(findTestObject("Page_CURA Healthcare Service/btnMakeAppointment")): Object: 'Object Repository/Page_CURA Healthcare Service/btnMakeAppointment' is clicked on

05-01-2024T13:05:49 - [MESSAGE][PASSED] - Object: 'Object Repository/Page_CURA Healthcare Service/btnMakeAppointment' is clicked on

05-01-2024T13:05:49 - [TEST_STEP][PASSED] - for (def index : (0..0)): Actual text and expected text of test object 'Object Repository/Page_CURA Healthcare Service/h2loginFailed' are matched.

05-01-2024T13:05:49 - [TEST_STEP][PASSED] - if (true): Actual text and expected text of test object 'Object Repository/Page_CURA Healthcare Service/h2loginFailed' are matched.

05-01-2024T13:05:49 - [TEST_STEP][PASSED] - setText(findTestObject("Page_CURA Healthcare Service/txtUsername"), username): Text 'Ah Hock' is set on object 'Object Repository/Page_CURA Healthcare Service/txtUsername'

05-01-2024T13:05:50 - [MESSAGE][PASSED] - Text 'Ah Hock' is set on object 'Object Repository/Page_CURA Healthcare Service/txtUsername'

05-01-2024T13:05:50 - [TEST_STEP][PASSED] - setText(findTestObject("Page_CURA Healthcare Service/txtPassword"), password): Text 'Ahhock123' is set on object 'Object Repository/Page_CURA Healthcare Service/txtPassword'

05-01-2024T13:05:50 - [MESSAGE][PASSED] - Text 'Ahhock123' is set on object 'Object Repository/Page_CURA Healthcare Service/txtPassword'

05-01-2024T13:05:50 - [TEST_STEP][PASSED] - click(findTestObject("Page_CURA Healthcare Service/btnLogin")): Object: 'Object Repository/Page_CURA Healthcare Service/btnLogin' is clicked on

05-01-2024T13:05:51 - [MESSAGE][PASSED] - Object: 'Object Repository/Page_CURA Healthcare Service/btnLogin' is clicked on

05-01-2024T13:05:51 - [TEST_STEP][PASSED] - verifyElementText(findTestObject("Page_CURA Healthcare Service/h2loginFailed"), "Login failed! Please ensure the username and password are valid."): Actual text and expected text of test object 'Object Repository/Page_CURA Healthcare Service/h2loginFailed' are matched.

05-01-2024T13:05:52 - [MESSAGE][PASSED] - Actual text and expected text of test object 'Object Repository/Page_CURA Healthcare Service/h2loginFailed' are matched.

05-01-2024T13:05:52 - [TEST_STEP][PASSED] - closeBrowser(): Browser is closed

05-01-2024T13:05:52 - [MESSAGE][PASSED] - Browser is closed]]></system-out>
         <system-err><![CDATA[]]></system-err>
      </testcase>
      <testcase name="Test Cases/CURA Healthcare Service/Working_With_TestCase_Variable" time="6.898" classname="Test Cases/CURA Healthcare Service/Working_With_TestCase_Variable" status="PASSED">
         <system-out><![CDATA[05-01-2024T13:05:52 - [TEST_CASE][PASSED] - Test Cases/CURA Healthcare Service/Working_With_TestCase_Variable: Test Cases/CURA Healthcare Service/Working_With_TestCase_Variable

05-01-2024T13:05:52 - [TEST_STEP][PASSED] - openBrowser(""): Browser is opened with url: ''

05-01-2024T13:05:52 - [MESSAGE][INFO] - Starting 'Chrome' driver

05-01-2024T13:05:52 - [MESSAGE][INFO] - Action delay is set to 0 milliseconds

05-01-2024T13:05:53 - [MESSAGE][PASSED] - Browser is opened with url: ''

05-01-2024T13:05:53 - [TEST_STEP][PASSED] - expectedTitle = <not implemented yet for class: org.codehaus.groovy.ast.expr.EmptyExpression>: null

05-01-2024T13:05:53 - [TEST_STEP][PASSED] - navigateToUrl(URL): Navigate to 'https://katalon-demo-cura.herokuapp.com/' successfully

05-01-2024T13:05:55 - [MESSAGE][PASSED] - Navigate to 'https://katalon-demo-cura.herokuapp.com/' successfully

05-01-2024T13:05:55 - [TEST_STEP][PASSED] - click(findTestObject("Page_CURA Healthcare Service/btnMakeAppointment")): Object: 'Object Repository/Page_CURA Healthcare Service/btnMakeAppointment' is clicked on

05-01-2024T13:05:56 - [MESSAGE][PASSED] - Object: 'Object Repository/Page_CURA Healthcare Service/btnMakeAppointment' is clicked on

05-01-2024T13:05:56 - [TEST_STEP][PASSED] - for (def index : (0..0)): Actual text and expected text of test object 'Object Repository/Page_CURA Healthcare Service/h2loginFailed' are matched.

05-01-2024T13:05:56 - [TEST_STEP][PASSED] - if (true): Actual text and expected text of test object 'Object Repository/Page_CURA Healthcare Service/h2loginFailed' are matched.

05-01-2024T13:05:56 - [TEST_STEP][PASSED] - setText(findTestObject("Page_CURA Healthcare Service/txtUsername"), username): Text 'John Doe' is set on object 'Object Repository/Page_CURA Healthcare Service/txtUsername'

05-01-2024T13:05:57 - [MESSAGE][PASSED] - Text 'John Doe' is set on object 'Object Repository/Page_CURA Healthcare Service/txtUsername'

05-01-2024T13:05:57 - [TEST_STEP][PASSED] - setText(findTestObject("Page_CURA Healthcare Service/txtPassword"), password): Text 'ThisisNotAPassword' is set on object 'Object Repository/Page_CURA Healthcare Service/txtPassword'

05-01-2024T13:05:57 - [MESSAGE][PASSED] - Text 'ThisisNotAPassword' is set on object 'Object Repository/Page_CURA Healthcare Service/txtPassword'

05-01-2024T13:05:57 - [TEST_STEP][PASSED] - click(findTestObject("Page_CURA Healthcare Service/btnLogin")): Object: 'Object Repository/Page_CURA Healthcare Service/btnLogin' is clicked on

05-01-2024T13:05:58 - [MESSAGE][PASSED] - Object: 'Object Repository/Page_CURA Healthcare Service/btnLogin' is clicked on

05-01-2024T13:05:58 - [TEST_STEP][PASSED] - verifyElementText(findTestObject("Page_CURA Healthcare Service/h2loginFailed"), "Login failed! Please ensure the username and password are valid."): Actual text and expected text of test object 'Object Repository/Page_CURA Healthcare Service/h2loginFailed' are matched.

05-01-2024T13:05:58 - [MESSAGE][PASSED] - Actual text and expected text of test object 'Object Repository/Page_CURA Healthcare Service/h2loginFailed' are matched.

05-01-2024T13:05:58 - [TEST_STEP][PASSED] - closeBrowser(): Browser is closed

05-01-2024T13:05:59 - [MESSAGE][PASSED] - Browser is closed]]></system-out>
         <system-err><![CDATA[]]></system-err>
      </testcase>
      <system-out><![CDATA[05-01-2024T13:05:15 - [TEST_SUITE][PASSED] - Data_Binding_Using_Variable: Test Cases/CURA Healthcare Service/Working_With_TestCase_Variable]]></system-out>
      <system-err><![CDATA[]]></system-err>
   </testsuite>
</testsuites>
