<?xml version="1.0" encoding="UTF-8"?>
<testsuites name="User_Authentication_and_Appointment_Flow" time="19.444" tests="2" failures="0" errors="0">
   <testsuite name="User_Authentication_and_Appointment_Flow" tests="2" failures="0" errors="0" time="19.444" skipped="0" timestamp="22-12-2023T13:50:19" hostname="User - DESKTOP-N742MEB" id="Test Suites/User_Authentication_and_Appointment_Flow">
      <properties>
         <property name="deviceName" value=""/>
         <property name="devicePlatform" value=""/>
         <property name="logFolder" value="C:\\Users\\User\\git\\bug-hunt-katalon\\Reports\\20231222_135010\\User_Authentication_and_Appointment_Flow\\20231222_135011"/>
         <property name="logFiles" value="C:\\Users\\User\\git\\bug-hunt-katalon\\Reports\\20231222_135010\\User_Authentication_and_Appointment_Flow\\20231222_135011\\execution0.log"/>
         <property name="attachments" value=""/>
         <property name="hostName" value="User - DESKTOP-N742MEB"/>
         <property name="os" value="Windows 10 64bit"/>
         <property name="katalonVersion" value="9.1.0.212"/>
         <property name="browser" value="Chrome 120.0.0.0"/>
         <property name="hostAddress" value="192.168.1.104"/>
         <property name="sessionId" value="f6971e709358a6b73b2b06aa87c4f0fa"/>
         <property name="seleniumVersion" value="3.141.59"/>
         <property name="proxyInformation" value="ProxyInformation { proxyOption=NO_PROXY, proxyServerType=HTTP, username=, password=********, proxyServerAddress=, proxyServerPort=0, executionList=&quot;&quot;, isApplyToDesiredCapabilities=true }"/>
         <property name="platform" value="Windows 10"/>
      </properties>
      <testcase name="Test Cases/Login_ValidCredentials" time="8.513" classname="Test Cases/Login_ValidCredentials" status="PASSED">
         <system-out><![CDATA[22-12-2023T13:50:19 - [TEST_CASE][PASSED] - Test Cases/Login_ValidCredentials: Test Cases/Login_ValidCredentials

22-12-2023T13:50:20 - [TEST_STEP][PASSED] - openBrowser(""): Browser is opened with url: ''

22-12-2023T13:50:20 - [MESSAGE][INFO] - Starting 'Chrome' driver

22-12-2023T13:50:20 - [MESSAGE][INFO] - Action delay is set to 0 milliseconds

22-12-2023T13:50:22 - [MESSAGE][PASSED] - Browser is opened with url: ''

22-12-2023T13:50:22 - [TEST_STEP][PASSED] - navigateToUrl("https://katalon-demo-cura.herokuapp.com/"): Navigate to 'https://katalon-demo-cura.herokuapp.com/' successfully

22-12-2023T13:50:25 - [MESSAGE][PASSED] - Navigate to 'https://katalon-demo-cura.herokuapp.com/' successfully

22-12-2023T13:50:25 - [TEST_STEP][PASSED] - click(findTestObject("Object Repository/Page_CURA Healthcare Service/MakeAppointment_Button")): Object: 'Object Repository/Page_CURA Healthcare Service/MakeAppointment_Button' is clicked on

22-12-2023T13:50:25 - [MESSAGE][PASSED] - Object: 'Object Repository/Page_CURA Healthcare Service/MakeAppointment_Button' is clicked on

22-12-2023T13:50:25 - [TEST_STEP][PASSED] - setText(findTestObject("Object Repository/Page_CURA Healthcare Service/Username_Field"), "John Doe"): Text 'John Doe' is set on object 'Object Repository/Page_CURA Healthcare Service/Username_Field'

22-12-2023T13:50:26 - [MESSAGE][PASSED] - Text 'John Doe' is set on object 'Object Repository/Page_CURA Healthcare Service/Username_Field'

22-12-2023T13:50:26 - [TEST_STEP][PASSED] - setEncryptedText(findTestObject("Object Repository/Page_CURA Healthcare Service/Password_Field"), "g3/DOGG74jC3Flrr3yH+3D/yKbOqqUNM"): Text ****** has been set on object 'Object Repository/Page_CURA Healthcare Service/Password_Field'

22-12-2023T13:50:26 - [MESSAGE][PASSED] - Text ****** has been set on object 'Object Repository/Page_CURA Healthcare Service/Password_Field'

22-12-2023T13:50:26 - [TEST_STEP][PASSED] - click(findTestObject("Object Repository/Page_CURA Healthcare Service/button_Login")): Object: 'Object Repository/Page_CURA Healthcare Service/button_Login' is clicked on

22-12-2023T13:50:27 - [MESSAGE][PASSED] - Object: 'Object Repository/Page_CURA Healthcare Service/button_Login' is clicked on

22-12-2023T13:50:27 - [TEST_STEP][PASSED] - click(findTestObject("Object Repository/Page_CURA Healthcare Service/MakeAppointment_Text_After_Login")): Object: 'Object Repository/Page_CURA Healthcare Service/MakeAppointment_Text_After_Login' is clicked on

22-12-2023T13:50:28 - [MESSAGE][PASSED] - Object: 'Object Repository/Page_CURA Healthcare Service/MakeAppointment_Text_After_Login' is clicked on

22-12-2023T13:50:28 - [TEST_STEP][PASSED] - verifyElementVisible(findTestObject("Object Repository/Page_CURA Healthcare Service/MakeAppointment_Text_After_Login")): Object 'Object Repository/Page_CURA Healthcare Service/MakeAppointment_Text_After_Login' is visible

22-12-2023T13:50:28 - [MESSAGE][PASSED] - Object 'Object Repository/Page_CURA Healthcare Service/MakeAppointment_Text_After_Login' is visible]]></system-out>
         <system-err><![CDATA[]]></system-err>
      </testcase>
      <testcase name="Test Cases/Verify_MakeAppointment" time="10.729" classname="Test Cases/Verify_MakeAppointment" status="PASSED">
         <system-out><![CDATA[22-12-2023T13:50:28 - [TEST_CASE][PASSED] - Test Cases/Verify_MakeAppointment: Test Cases/Verify_MakeAppointment

22-12-2023T13:50:28 - [TEST_STEP][PASSED] - callTestCase(findTestCase("Login_ValidCredentials"), [:], STOP_ON_FAILURE): Call Test Case 'Test Cases/Login_ValidCredentials' successfully

22-12-2023T13:50:28 - [TEST_CASE][PASSED] - Test Cases/Login_ValidCredentials: Test Cases/Login_ValidCredentials

22-12-2023T13:50:28 - [TEST_STEP][PASSED] - openBrowser(""): Browser is opened with url: ''

22-12-2023T13:50:28 - [MESSAGE][WARNING] - A browser is already opened. Closing browser and opening a new one

22-12-2023T13:50:28 - [MESSAGE][INFO] - Starting 'Chrome' driver

22-12-2023T13:50:28 - [MESSAGE][INFO] - Action delay is set to 0 milliseconds

22-12-2023T13:50:29 - [MESSAGE][PASSED] - Browser is opened with url: ''

22-12-2023T13:50:29 - [TEST_STEP][PASSED] - navigateToUrl("https://katalon-demo-cura.herokuapp.com/"): Navigate to 'https://katalon-demo-cura.herokuapp.com/' successfully

22-12-2023T13:50:32 - [MESSAGE][PASSED] - Navigate to 'https://katalon-demo-cura.herokuapp.com/' successfully

22-12-2023T13:50:32 - [TEST_STEP][PASSED] - click(findTestObject("Object Repository/Page_CURA Healthcare Service/MakeAppointment_Button")): Object: 'Object Repository/Page_CURA Healthcare Service/MakeAppointment_Button' is clicked on

22-12-2023T13:50:33 - [MESSAGE][PASSED] - Object: 'Object Repository/Page_CURA Healthcare Service/MakeAppointment_Button' is clicked on

22-12-2023T13:50:33 - [TEST_STEP][PASSED] - setText(findTestObject("Object Repository/Page_CURA Healthcare Service/Username_Field"), "John Doe"): Text 'John Doe' is set on object 'Object Repository/Page_CURA Healthcare Service/Username_Field'

22-12-2023T13:50:33 - [MESSAGE][PASSED] - Text 'John Doe' is set on object 'Object Repository/Page_CURA Healthcare Service/Username_Field'

22-12-2023T13:50:33 - [TEST_STEP][PASSED] - setEncryptedText(findTestObject("Object Repository/Page_CURA Healthcare Service/Password_Field"), "g3/DOGG74jC3Flrr3yH+3D/yKbOqqUNM"): Text ****** has been set on object 'Object Repository/Page_CURA Healthcare Service/Password_Field'

22-12-2023T13:50:34 - [MESSAGE][PASSED] - Text ****** has been set on object 'Object Repository/Page_CURA Healthcare Service/Password_Field'

22-12-2023T13:50:34 - [TEST_STEP][PASSED] - click(findTestObject("Object Repository/Page_CURA Healthcare Service/button_Login")): Object: 'Object Repository/Page_CURA Healthcare Service/button_Login' is clicked on

22-12-2023T13:50:35 - [MESSAGE][PASSED] - Object: 'Object Repository/Page_CURA Healthcare Service/button_Login' is clicked on

22-12-2023T13:50:35 - [TEST_STEP][PASSED] - click(findTestObject("Object Repository/Page_CURA Healthcare Service/MakeAppointment_Text_After_Login")): Object: 'Object Repository/Page_CURA Healthcare Service/MakeAppointment_Text_After_Login' is clicked on

22-12-2023T13:50:35 - [MESSAGE][PASSED] - Object: 'Object Repository/Page_CURA Healthcare Service/MakeAppointment_Text_After_Login' is clicked on

22-12-2023T13:50:35 - [TEST_STEP][PASSED] - verifyElementVisible(findTestObject("Object Repository/Page_CURA Healthcare Service/MakeAppointment_Text_After_Login")): Object 'Object Repository/Page_CURA Healthcare Service/MakeAppointment_Text_After_Login' is visible

22-12-2023T13:50:35 - [MESSAGE][PASSED] - Object 'Object Repository/Page_CURA Healthcare Service/MakeAppointment_Text_After_Login' is visible

22-12-2023T13:50:35 - [MESSAGE][PASSED] - Call Test Case 'Test Cases/Login_ValidCredentials' successfully

22-12-2023T13:50:35 - [TEST_STEP][PASSED] - click(findTestObject("Object Repository/Page_CURA Healthcare Service/Checkbox_Hospital_Readmission")): Object: 'Object Repository/Page_CURA Healthcare Service/Checkbox_Hospital_Readmission' is clicked on

22-12-2023T13:50:36 - [MESSAGE][PASSED] - Object: 'Object Repository/Page_CURA Healthcare Service/Checkbox_Hospital_Readmission' is clicked on

22-12-2023T13:50:36 - [TEST_STEP][PASSED] - click(findTestObject("Object Repository/Page_CURA Healthcare Service/Medicare_RadioButton")): Object: 'Object Repository/Page_CURA Healthcare Service/Medicare_RadioButton' is clicked on

22-12-2023T13:50:36 - [MESSAGE][PASSED] - Object: 'Object Repository/Page_CURA Healthcare Service/Medicare_RadioButton' is clicked on

22-12-2023T13:50:36 - [TEST_STEP][PASSED] - click(findTestObject("Object Repository/Page_CURA Healthcare Service/input_visit_date")): Object: 'Object Repository/Page_CURA Healthcare Service/input_visit_date' is clicked on

22-12-2023T13:50:36 - [MESSAGE][PASSED] - Object: 'Object Repository/Page_CURA Healthcare Service/input_visit_date' is clicked on

22-12-2023T13:50:36 - [TEST_STEP][PASSED] - click(findTestObject("Object Repository/Page_CURA Healthcare Service/VisitDate_31_December_2023")): Object: 'Object Repository/Page_CURA Healthcare Service/VisitDate_31_December_2023' is clicked on

22-12-2023T13:50:37 - [MESSAGE][PASSED] - Object: 'Object Repository/Page_CURA Healthcare Service/VisitDate_31_December_2023' is clicked on

22-12-2023T13:50:37 - [TEST_STEP][PASSED] - setText(findTestObject("Object Repository/Page_CURA Healthcare Service/Comment_TextArea"), "Able to add a text"): Text 'Able to add a text' is set on object 'Object Repository/Page_CURA Healthcare Service/Comment_TextArea'

22-12-2023T13:50:37 - [MESSAGE][PASSED] - Text 'Able to add a text' is set on object 'Object Repository/Page_CURA Healthcare Service/Comment_TextArea'

22-12-2023T13:50:37 - [TEST_STEP][PASSED] - click(findTestObject("Object Repository/Page_CURA Healthcare Service/button_BookAppointment")): Object: 'Object Repository/Page_CURA Healthcare Service/button_BookAppointment' is clicked on

22-12-2023T13:50:38 - [MESSAGE][PASSED] - Object: 'Object Repository/Page_CURA Healthcare Service/button_BookAppointment' is clicked on

22-12-2023T13:50:38 - [TEST_STEP][PASSED] - navigateToUrl("https://katalon-demo-cura.herokuapp.com/appointment.php#summary"): Navigate to 'https://katalon-demo-cura.herokuapp.com/appointment.php#summary' successfully

22-12-2023T13:50:38 - [MESSAGE][PASSED] - Navigate to 'https://katalon-demo-cura.herokuapp.com/appointment.php#summary' successfully

22-12-2023T13:50:38 - [TEST_STEP][PASSED] - click(findTestObject("Object Repository/Page_CURA Healthcare Service/Appointment_Confirmation_After_BookAppoitnment")): Object: 'Object Repository/Page_CURA Healthcare Service/Appointment_Confirmation_After_BookAppoitnment' is clicked on

22-12-2023T13:50:38 - [MESSAGE][PASSED] - Object: 'Object Repository/Page_CURA Healthcare Service/Appointment_Confirmation_After_BookAppoitnment' is clicked on

22-12-2023T13:50:38 - [TEST_STEP][PASSED] - verifyElementVisible(findTestObject("Object Repository/Page_CURA Healthcare Service/Appointment_Confirmation_After_BookAppoitnment")): Object 'Object Repository/Page_CURA Healthcare Service/Appointment_Confirmation_After_BookAppoitnment' is visible

22-12-2023T13:50:39 - [MESSAGE][PASSED] - Object 'Object Repository/Page_CURA Healthcare Service/Appointment_Confirmation_After_BookAppoitnment' is visible]]></system-out>
         <system-err><![CDATA[]]></system-err>
      </testcase>
      <system-out><![CDATA[22-12-2023T13:50:19 - [TEST_SUITE][PASSED] - User_Authentication_and_Appointment_Flow: Test Cases/Verify_MakeAppointment]]></system-out>
      <system-err><![CDATA[]]></system-err>
   </testsuite>
</testsuites>
