<?xml version="1.0" encoding="UTF-8"?>
<testsuites name="User_Authentication_and_Appointment_Flow" time="34.63" tests="2" failures="0" errors="0">
   <testsuite name="User_Authentication_and_Appointment_Flow" tests="2" failures="0" errors="0" time="34.63" skipped="0" timestamp="28-12-2023T13:05:01" hostname="User - DESKTOP-N742MEB" id="Test Suites/User_Authentication_and_Appointment_Flow">
      <properties>
         <property name="deviceName" value=""/>
         <property name="devicePlatform" value=""/>
         <property name="logFolder" value="C:\\Users\\User\\git\\bug-hunt-katalon\\Reports\\20231228_130457\\User_Authentication_and_Appointment_Flow\\20231228_130457"/>
         <property name="logFiles" value="C:\\Users\\User\\git\\bug-hunt-katalon\\Reports\\20231228_130457\\User_Authentication_and_Appointment_Flow\\20231228_130457\\execution0.log"/>
         <property name="attachments" value=""/>
         <property name="hostName" value="User - DESKTOP-N742MEB"/>
         <property name="os" value="Windows 10 64bit"/>
         <property name="katalonVersion" value="9.1.0.212"/>
         <property name="browser" value="Chrome 120.0.0.0"/>
         <property name="hostAddress" value="192.168.1.104"/>
         <property name="sessionId" value="1f1ec7c39742f8fde01d82a362696b7b"/>
         <property name="seleniumVersion" value="3.141.59"/>
         <property name="proxyInformation" value="ProxyInformation { proxyOption=NO_PROXY, proxyServerType=HTTP, username=, password=********, proxyServerAddress=, proxyServerPort=0, executionList=&quot;&quot;, isApplyToDesiredCapabilities=true }"/>
         <property name="platform" value="Windows 10"/>
      </properties>
      <testcase name="Test Cases/CURA Healthcare Service/Login_ValidCredentials" time="8.776" classname="Test Cases/CURA Healthcare Service/Login_ValidCredentials" status="PASSED">
         <system-out><![CDATA[28-12-2023T13:05:01 - [TEST_CASE][PASSED] - Test Cases/CURA Healthcare Service/Login_ValidCredentials: Test Cases/CURA Healthcare Service/Login_ValidCredentials

28-12-2023T13:05:01 - [TEST_STEP][PASSED] - openBrowser(""): Browser is opened with url: ''

28-12-2023T13:05:01 - [MESSAGE][INFO] - Starting 'Chrome' driver

28-12-2023T13:05:01 - [MESSAGE][INFO] - Action delay is set to 0 milliseconds

28-12-2023T13:05:03 - [MESSAGE][PASSED] - Browser is opened with url: ''

28-12-2023T13:05:03 - [TEST_STEP][PASSED] - navigateToUrl("https://katalon-demo-cura.herokuapp.com/"): Navigate to 'https://katalon-demo-cura.herokuapp.com/' successfully

28-12-2023T13:05:06 - [MESSAGE][PASSED] - Navigate to 'https://katalon-demo-cura.herokuapp.com/' successfully

28-12-2023T13:05:06 - [TEST_STEP][PASSED] - click(findTestObject("Object Repository/Page_CURA Healthcare Service/btnMakeAppointment")): Object: 'Object Repository/Page_CURA Healthcare Service/btnMakeAppointment' is clicked on

28-12-2023T13:05:07 - [MESSAGE][PASSED] - Object: 'Object Repository/Page_CURA Healthcare Service/btnMakeAppointment' is clicked on

28-12-2023T13:05:07 - [TEST_STEP][PASSED] - setText(findTestObject("Object Repository/Page_CURA Healthcare Service/txtUsername"), "John Doe"): Text 'John Doe' is set on object 'Object Repository/Page_CURA Healthcare Service/txtUsername'

28-12-2023T13:05:07 - [MESSAGE][PASSED] - Text 'John Doe' is set on object 'Object Repository/Page_CURA Healthcare Service/txtUsername'

28-12-2023T13:05:07 - [TEST_STEP][PASSED] - setEncryptedText(findTestObject("Object Repository/Page_CURA Healthcare Service/txtPassword"), "g3/DOGG74jC3Flrr3yH+3D/yKbOqqUNM"): Text ****** has been set on object 'Object Repository/Page_CURA Healthcare Service/txtPassword'

28-12-2023T13:05:08 - [MESSAGE][PASSED] - Text ****** has been set on object 'Object Repository/Page_CURA Healthcare Service/txtPassword'

28-12-2023T13:05:08 - [TEST_STEP][PASSED] - click(findTestObject("Object Repository/Page_CURA Healthcare Service/btnLogin")): Object: 'Object Repository/Page_CURA Healthcare Service/btnLogin' is clicked on

28-12-2023T13:05:09 - [MESSAGE][PASSED] - Object: 'Object Repository/Page_CURA Healthcare Service/btnLogin' is clicked on

28-12-2023T13:05:09 - [TEST_STEP][PASSED] - click(findTestObject("Object Repository/Page_CURA Healthcare Service/h2MakeAppointment")): Object: 'Object Repository/Page_CURA Healthcare Service/h2MakeAppointment' is clicked on

28-12-2023T13:05:09 - [MESSAGE][PASSED] - Object: 'Object Repository/Page_CURA Healthcare Service/h2MakeAppointment' is clicked on

28-12-2023T13:05:09 - [TEST_STEP][PASSED] - verifyElementVisible(findTestObject("Object Repository/Page_CURA Healthcare Service/h2MakeAppointment")): Object 'Object Repository/Page_CURA Healthcare Service/h2MakeAppointment' is visible

28-12-2023T13:05:10 - [MESSAGE][PASSED] - Object 'Object Repository/Page_CURA Healthcare Service/h2MakeAppointment' is visible]]></system-out>
         <system-err><![CDATA[]]></system-err>
      </testcase>
      <testcase name="Test Cases/CURA Healthcare Service/Verify_MakeAppointment" time="25.66" classname="Test Cases/CURA Healthcare Service/Verify_MakeAppointment" status="PASSED">
         <system-out><![CDATA[28-12-2023T13:05:10 - [TEST_CASE][PASSED] - Test Cases/CURA Healthcare Service/Verify_MakeAppointment: Test Cases/CURA Healthcare Service/Verify_MakeAppointment

28-12-2023T13:05:10 - [TEST_STEP][PASSED] - callTestCase(findTestCase("CURA Healthcare Service/Login_ValidCredentials"), [:], STOP_ON_FAILURE): Call Test Case 'Test Cases/CURA Healthcare Service/Login_ValidCredentials' successfully

28-12-2023T13:05:10 - [TEST_CASE][PASSED] - Test Cases/CURA Healthcare Service/Login_ValidCredentials: Test Cases/CURA Healthcare Service/Login_ValidCredentials

28-12-2023T13:05:10 - [TEST_STEP][PASSED] - openBrowser(""): Browser is opened with url: ''

28-12-2023T13:05:10 - [MESSAGE][WARNING] - A browser is already opened. Closing browser and opening a new one

28-12-2023T13:05:10 - [MESSAGE][INFO] - Starting 'Chrome' driver

28-12-2023T13:05:10 - [MESSAGE][INFO] - Action delay is set to 0 milliseconds

28-12-2023T13:05:11 - [MESSAGE][PASSED] - Browser is opened with url: ''

28-12-2023T13:05:11 - [TEST_STEP][PASSED] - navigateToUrl("https://katalon-demo-cura.herokuapp.com/"): Navigate to 'https://katalon-demo-cura.herokuapp.com/' successfully

28-12-2023T13:05:14 - [MESSAGE][PASSED] - Navigate to 'https://katalon-demo-cura.herokuapp.com/' successfully

28-12-2023T13:05:14 - [TEST_STEP][PASSED] - click(findTestObject("Object Repository/Page_CURA Healthcare Service/btnMakeAppointment")): Object: 'Object Repository/Page_CURA Healthcare Service/btnMakeAppointment' is clicked on

28-12-2023T13:05:15 - [MESSAGE][PASSED] - Object: 'Object Repository/Page_CURA Healthcare Service/btnMakeAppointment' is clicked on

28-12-2023T13:05:15 - [TEST_STEP][PASSED] - setText(findTestObject("Object Repository/Page_CURA Healthcare Service/txtUsername"), "John Doe"): Text 'John Doe' is set on object 'Object Repository/Page_CURA Healthcare Service/txtUsername'

28-12-2023T13:05:15 - [MESSAGE][PASSED] - Text 'John Doe' is set on object 'Object Repository/Page_CURA Healthcare Service/txtUsername'

28-12-2023T13:05:15 - [TEST_STEP][PASSED] - setEncryptedText(findTestObject("Object Repository/Page_CURA Healthcare Service/txtPassword"), "g3/DOGG74jC3Flrr3yH+3D/yKbOqqUNM"): Text ****** has been set on object 'Object Repository/Page_CURA Healthcare Service/txtPassword'

28-12-2023T13:05:16 - [MESSAGE][PASSED] - Text ****** has been set on object 'Object Repository/Page_CURA Healthcare Service/txtPassword'

28-12-2023T13:05:16 - [TEST_STEP][PASSED] - click(findTestObject("Object Repository/Page_CURA Healthcare Service/btnLogin")): Object: 'Object Repository/Page_CURA Healthcare Service/btnLogin' is clicked on

28-12-2023T13:05:17 - [MESSAGE][PASSED] - Object: 'Object Repository/Page_CURA Healthcare Service/btnLogin' is clicked on

28-12-2023T13:05:17 - [TEST_STEP][PASSED] - click(findTestObject("Object Repository/Page_CURA Healthcare Service/h2MakeAppointment")): Object: 'Object Repository/Page_CURA Healthcare Service/h2MakeAppointment' is clicked on

28-12-2023T13:05:17 - [MESSAGE][PASSED] - Object: 'Object Repository/Page_CURA Healthcare Service/h2MakeAppointment' is clicked on

28-12-2023T13:05:17 - [TEST_STEP][PASSED] - verifyElementVisible(findTestObject("Object Repository/Page_CURA Healthcare Service/h2MakeAppointment")): Object 'Object Repository/Page_CURA Healthcare Service/h2MakeAppointment' is visible

28-12-2023T13:05:17 - [MESSAGE][PASSED] - Object 'Object Repository/Page_CURA Healthcare Service/h2MakeAppointment' is visible

28-12-2023T13:05:17 - [MESSAGE][PASSED] - Call Test Case 'Test Cases/CURA Healthcare Service/Login_ValidCredentials' successfully

28-12-2023T13:05:17 - [TEST_STEP][PASSED] - for (def n : (0..2)): Object: 'Object Repository/Page_CURA Healthcare Service/btnGoToHomePage' is clicked on

28-12-2023T13:05:17 - [TEST_STEP][PASSED] - if (n == 0): All options with index in [0] are selected on object 'Object Repository/Page_CURA Healthcare Service/ddHealthCareCenter'

28-12-2023T13:05:17 - [TEST_STEP][PASSED] - selectOptionByIndex(findTestObject("Page_CURA Healthcare Service/ddHealthCareCenter"), 0): All options with index in [0] are selected on object 'Object Repository/Page_CURA Healthcare Service/ddHealthCareCenter'

28-12-2023T13:05:18 - [MESSAGE][PASSED] - All options with index in [0] are selected on object 'Object Repository/Page_CURA Healthcare Service/ddHealthCareCenter'

28-12-2023T13:05:18 - [TEST_STEP][PASSED] - click(findTestObject("Page_CURA Healthcare Service/cbReadMission")): Object: 'Object Repository/Page_CURA Healthcare Service/cbReadMission' is clicked on

28-12-2023T13:05:18 - [MESSAGE][PASSED] - Object: 'Object Repository/Page_CURA Healthcare Service/cbReadMission' is clicked on

28-12-2023T13:05:18 - [TEST_STEP][PASSED] - if (n == 0): Delayed 1 second(s)

28-12-2023T13:05:18 - [TEST_STEP][PASSED] - click(findTestObject("Object Repository/Page_CURA Healthcare Service/cbMedicare")): Object: 'Object Repository/Page_CURA Healthcare Service/cbMedicare' is clicked on

28-12-2023T13:05:19 - [MESSAGE][PASSED] - Object: 'Object Repository/Page_CURA Healthcare Service/cbMedicare' is clicked on

28-12-2023T13:05:19 - [TEST_STEP][PASSED] - delay(1): Delayed 1 second(s)

28-12-2023T13:05:20 - [MESSAGE][PASSED] - Delayed 1 second(s)

28-12-2023T13:05:20 - [TEST_STEP][PASSED] - setText(findTestObject("Page_CURA Healthcare Service/txtVisitDate"), "30/12/2023"): Text '30/12/2023' is set on object 'Object Repository/Page_CURA Healthcare Service/txtVisitDate'

28-12-2023T13:05:20 - [MESSAGE][PASSED] - Text '30/12/2023' is set on object 'Object Repository/Page_CURA Healthcare Service/txtVisitDate'

28-12-2023T13:05:20 - [TEST_STEP][PASSED] - setText(findTestObject("Object Repository/Page_CURA Healthcare Service/Comment_TextArea"), "Able to add a text"): Text 'Able to add a text' is set on object 'Object Repository/Page_CURA Healthcare Service/Comment_TextArea'

28-12-2023T13:05:21 - [MESSAGE][PASSED] - Text 'Able to add a text' is set on object 'Object Repository/Page_CURA Healthcare Service/Comment_TextArea'

28-12-2023T13:05:21 - [TEST_STEP][PASSED] - click(findTestObject("Object Repository/Page_CURA Healthcare Service/btnBookAppointment")): Object: 'Object Repository/Page_CURA Healthcare Service/btnBookAppointment' is clicked on

28-12-2023T13:05:22 - [MESSAGE][PASSED] - Object: 'Object Repository/Page_CURA Healthcare Service/btnBookAppointment' is clicked on

28-12-2023T13:05:22 - [TEST_STEP][PASSED] - navigateToUrl("https://katalon-demo-cura.herokuapp.com/appointment.php#summary"): Navigate to 'https://katalon-demo-cura.herokuapp.com/appointment.php#summary' successfully

28-12-2023T13:05:22 - [MESSAGE][PASSED] - Navigate to 'https://katalon-demo-cura.herokuapp.com/appointment.php#summary' successfully

28-12-2023T13:05:22 - [TEST_STEP][PASSED] - click(findTestObject("Object Repository/Page_CURA Healthcare Service/h2AppointmentConfirmation")): Object: 'Object Repository/Page_CURA Healthcare Service/h2AppointmentConfirmation' is clicked on

28-12-2023T13:05:22 - [MESSAGE][PASSED] - Object: 'Object Repository/Page_CURA Healthcare Service/h2AppointmentConfirmation' is clicked on

28-12-2023T13:05:22 - [TEST_STEP][PASSED] - verifyElementVisible(findTestObject("Object Repository/Page_CURA Healthcare Service/h2AppointmentConfirmation")): Object 'Object Repository/Page_CURA Healthcare Service/h2AppointmentConfirmation' is visible

28-12-2023T13:05:22 - [MESSAGE][PASSED] - Object 'Object Repository/Page_CURA Healthcare Service/h2AppointmentConfirmation' is visible

28-12-2023T13:05:22 - [TEST_STEP][PASSED] - click(findTestObject("Page_CURA Healthcare Service/btnGoToHomePage")): Object: 'Object Repository/Page_CURA Healthcare Service/btnGoToHomePage' is clicked on

28-12-2023T13:05:23 - [MESSAGE][PASSED] - Object: 'Object Repository/Page_CURA Healthcare Service/btnGoToHomePage' is clicked on

28-12-2023T13:05:23 - [TEST_STEP][PASSED] - if (n == 0): null

28-12-2023T13:05:23 - [TEST_STEP][PASSED] - else if (n == 1): All options with index in [1] are selected on object 'Object Repository/Page_CURA Healthcare Service/ddHealthCareCenter'

28-12-2023T13:05:23 - [TEST_STEP][PASSED] - selectOptionByIndex(findTestObject("Page_CURA Healthcare Service/ddHealthCareCenter"), 1): All options with index in [1] are selected on object 'Object Repository/Page_CURA Healthcare Service/ddHealthCareCenter'

28-12-2023T13:05:24 - [MESSAGE][PASSED] - All options with index in [1] are selected on object 'Object Repository/Page_CURA Healthcare Service/ddHealthCareCenter'

28-12-2023T13:05:24 - [TEST_STEP][PASSED] - click(findTestObject("Page_CURA Healthcare Service/cbReadMission")): Object: 'Object Repository/Page_CURA Healthcare Service/cbReadMission' is clicked on

28-12-2023T13:05:24 - [MESSAGE][PASSED] - Object: 'Object Repository/Page_CURA Healthcare Service/cbReadMission' is clicked on

28-12-2023T13:05:24 - [TEST_STEP][PASSED] - if (n == 0): null

28-12-2023T13:05:24 - [TEST_STEP][PASSED] - else if (n == 1): Delayed 1 second(s)

28-12-2023T13:05:24 - [TEST_STEP][PASSED] - click(findTestObject("Object Repository/Page_CURA Healthcare Service/cbMedicaid")): Object: 'Object Repository/Page_CURA Healthcare Service/cbMedicaid' is clicked on

28-12-2023T13:05:25 - [MESSAGE][PASSED] - Object: 'Object Repository/Page_CURA Healthcare Service/cbMedicaid' is clicked on

28-12-2023T13:05:25 - [TEST_STEP][PASSED] - delay(1): Delayed 1 second(s)

28-12-2023T13:05:26 - [MESSAGE][PASSED] - Delayed 1 second(s)

28-12-2023T13:05:26 - [TEST_STEP][PASSED] - setText(findTestObject("Page_CURA Healthcare Service/txtVisitDate"), "30/12/2023"): Text '30/12/2023' is set on object 'Object Repository/Page_CURA Healthcare Service/txtVisitDate'

28-12-2023T13:05:26 - [MESSAGE][PASSED] - Text '30/12/2023' is set on object 'Object Repository/Page_CURA Healthcare Service/txtVisitDate'

28-12-2023T13:05:26 - [TEST_STEP][PASSED] - setText(findTestObject("Object Repository/Page_CURA Healthcare Service/Comment_TextArea"), "Able to add a text"): Text 'Able to add a text' is set on object 'Object Repository/Page_CURA Healthcare Service/Comment_TextArea'

28-12-2023T13:05:27 - [MESSAGE][PASSED] - Text 'Able to add a text' is set on object 'Object Repository/Page_CURA Healthcare Service/Comment_TextArea'

28-12-2023T13:05:27 - [TEST_STEP][PASSED] - click(findTestObject("Object Repository/Page_CURA Healthcare Service/btnBookAppointment")): Object: 'Object Repository/Page_CURA Healthcare Service/btnBookAppointment' is clicked on

28-12-2023T13:05:28 - [MESSAGE][PASSED] - Object: 'Object Repository/Page_CURA Healthcare Service/btnBookAppointment' is clicked on

28-12-2023T13:05:28 - [TEST_STEP][PASSED] - navigateToUrl("https://katalon-demo-cura.herokuapp.com/appointment.php#summary"): Navigate to 'https://katalon-demo-cura.herokuapp.com/appointment.php#summary' successfully

28-12-2023T13:05:28 - [MESSAGE][PASSED] - Navigate to 'https://katalon-demo-cura.herokuapp.com/appointment.php#summary' successfully

28-12-2023T13:05:28 - [TEST_STEP][PASSED] - click(findTestObject("Object Repository/Page_CURA Healthcare Service/h2AppointmentConfirmation")): Object: 'Object Repository/Page_CURA Healthcare Service/h2AppointmentConfirmation' is clicked on

28-12-2023T13:05:28 - [MESSAGE][PASSED] - Object: 'Object Repository/Page_CURA Healthcare Service/h2AppointmentConfirmation' is clicked on

28-12-2023T13:05:28 - [TEST_STEP][PASSED] - verifyElementVisible(findTestObject("Object Repository/Page_CURA Healthcare Service/h2AppointmentConfirmation")): Object 'Object Repository/Page_CURA Healthcare Service/h2AppointmentConfirmation' is visible

28-12-2023T13:05:28 - [MESSAGE][PASSED] - Object 'Object Repository/Page_CURA Healthcare Service/h2AppointmentConfirmation' is visible

28-12-2023T13:05:28 - [TEST_STEP][PASSED] - click(findTestObject("Page_CURA Healthcare Service/btnGoToHomePage")): Object: 'Object Repository/Page_CURA Healthcare Service/btnGoToHomePage' is clicked on

28-12-2023T13:05:29 - [MESSAGE][PASSED] - Object: 'Object Repository/Page_CURA Healthcare Service/btnGoToHomePage' is clicked on

28-12-2023T13:05:29 - [TEST_STEP][PASSED] - if (n == 0): null

28-12-2023T13:05:29 - [TEST_STEP][PASSED] - else if (n == 1): null

28-12-2023T13:05:29 - [TEST_STEP][PASSED] - else: All options with index in [2] are selected on object 'Object Repository/Page_CURA Healthcare Service/ddHealthCareCenter'

28-12-2023T13:05:29 - [TEST_STEP][PASSED] - selectOptionByIndex(findTestObject("Page_CURA Healthcare Service/ddHealthCareCenter"), 2): All options with index in [2] are selected on object 'Object Repository/Page_CURA Healthcare Service/ddHealthCareCenter'

28-12-2023T13:05:30 - [MESSAGE][PASSED] - All options with index in [2] are selected on object 'Object Repository/Page_CURA Healthcare Service/ddHealthCareCenter'

28-12-2023T13:05:30 - [TEST_STEP][PASSED] - click(findTestObject("Page_CURA Healthcare Service/cbReadMission")): Object: 'Object Repository/Page_CURA Healthcare Service/cbReadMission' is clicked on

28-12-2023T13:05:30 - [MESSAGE][PASSED] - Object: 'Object Repository/Page_CURA Healthcare Service/cbReadMission' is clicked on

28-12-2023T13:05:30 - [TEST_STEP][PASSED] - if (n == 0): null

28-12-2023T13:05:30 - [TEST_STEP][PASSED] - else if (n == 1): null

28-12-2023T13:05:30 - [TEST_STEP][PASSED] - else: Delayed 1 second(s)

28-12-2023T13:05:30 - [TEST_STEP][PASSED] - click(findTestObject("Object Repository/Page_CURA Healthcare Service/cbNone")): Object: 'Object Repository/Page_CURA Healthcare Service/cbNone' is clicked on

28-12-2023T13:05:30 - [MESSAGE][PASSED] - Object: 'Object Repository/Page_CURA Healthcare Service/cbNone' is clicked on

28-12-2023T13:05:30 - [TEST_STEP][PASSED] - delay(1): Delayed 1 second(s)

28-12-2023T13:05:31 - [MESSAGE][PASSED] - Delayed 1 second(s)

28-12-2023T13:05:31 - [TEST_STEP][PASSED] - setText(findTestObject("Page_CURA Healthcare Service/txtVisitDate"), "30/12/2023"): Text '30/12/2023' is set on object 'Object Repository/Page_CURA Healthcare Service/txtVisitDate'

28-12-2023T13:05:32 - [MESSAGE][PASSED] - Text '30/12/2023' is set on object 'Object Repository/Page_CURA Healthcare Service/txtVisitDate'

28-12-2023T13:05:32 - [TEST_STEP][PASSED] - setText(findTestObject("Object Repository/Page_CURA Healthcare Service/Comment_TextArea"), "Able to add a text"): Text 'Able to add a text' is set on object 'Object Repository/Page_CURA Healthcare Service/Comment_TextArea'

28-12-2023T13:05:33 - [MESSAGE][PASSED] - Text 'Able to add a text' is set on object 'Object Repository/Page_CURA Healthcare Service/Comment_TextArea'

28-12-2023T13:05:33 - [TEST_STEP][PASSED] - click(findTestObject("Object Repository/Page_CURA Healthcare Service/btnBookAppointment")): Object: 'Object Repository/Page_CURA Healthcare Service/btnBookAppointment' is clicked on

28-12-2023T13:05:34 - [MESSAGE][PASSED] - Object: 'Object Repository/Page_CURA Healthcare Service/btnBookAppointment' is clicked on

28-12-2023T13:05:34 - [TEST_STEP][PASSED] - navigateToUrl("https://katalon-demo-cura.herokuapp.com/appointment.php#summary"): Navigate to 'https://katalon-demo-cura.herokuapp.com/appointment.php#summary' successfully

28-12-2023T13:05:34 - [MESSAGE][PASSED] - Navigate to 'https://katalon-demo-cura.herokuapp.com/appointment.php#summary' successfully

28-12-2023T13:05:34 - [TEST_STEP][PASSED] - click(findTestObject("Object Repository/Page_CURA Healthcare Service/h2AppointmentConfirmation")): Object: 'Object Repository/Page_CURA Healthcare Service/h2AppointmentConfirmation' is clicked on

28-12-2023T13:05:34 - [MESSAGE][PASSED] - Object: 'Object Repository/Page_CURA Healthcare Service/h2AppointmentConfirmation' is clicked on

28-12-2023T13:05:34 - [TEST_STEP][PASSED] - verifyElementVisible(findTestObject("Object Repository/Page_CURA Healthcare Service/h2AppointmentConfirmation")): Object 'Object Repository/Page_CURA Healthcare Service/h2AppointmentConfirmation' is visible

28-12-2023T13:05:34 - [MESSAGE][PASSED] - Object 'Object Repository/Page_CURA Healthcare Service/h2AppointmentConfirmation' is visible

28-12-2023T13:05:34 - [TEST_STEP][PASSED] - click(findTestObject("Page_CURA Healthcare Service/btnGoToHomePage")): Object: 'Object Repository/Page_CURA Healthcare Service/btnGoToHomePage' is clicked on

28-12-2023T13:05:35 - [MESSAGE][PASSED] - Object: 'Object Repository/Page_CURA Healthcare Service/btnGoToHomePage' is clicked on

28-12-2023T13:05:35 - [TEST_STEP][PASSED] - closeBrowser(): Browser is closed

28-12-2023T13:05:35 - [MESSAGE][PASSED] - Browser is closed]]></system-out>
         <system-err><![CDATA[]]></system-err>
      </testcase>
      <system-out><![CDATA[28-12-2023T13:05:01 - [TEST_SUITE][PASSED] - User_Authentication_and_Appointment_Flow: Test Cases/CURA Healthcare Service/Verify_MakeAppointment]]></system-out>
      <system-err><![CDATA[]]></system-err>
   </testsuite>
</testsuites>
