<?xml version="1.0" encoding="UTF-8"?>
<testsuites name="User_Authentication_and_Appointment_Flow" time="35.218" tests="2" failures="0" errors="0">
   <testsuite name="User_Authentication_and_Appointment_Flow" tests="2" failures="0" errors="0" time="35.218" skipped="0" timestamp="03-01-2024T11:54:32" hostname="User - DESKTOP-N742MEB" id="Test Suites/Regression Test Suite/User_Authentication_and_Appointment_Flow">
      <properties>
         <property name="deviceName" value=""/>
         <property name="devicePlatform" value=""/>
         <property name="logFolder" value="C:\\Users\\User\\git\\bug-hunt-katalon\\Reports\\20240103_115341\\Regression Test Suite\\User_Authentication_and_Appointment_Flow\\20240103_115344"/>
         <property name="logFiles" value="C:\\Users\\User\\git\\bug-hunt-katalon\\Reports\\20240103_115341\\Regression Test Suite\\User_Authentication_and_Appointment_Flow\\20240103_115344\\execution0.log"/>
         <property name="attachments" value=""/>
         <property name="hostName" value="User - DESKTOP-N742MEB"/>
         <property name="os" value="Windows 10 64bit"/>
         <property name="katalonVersion" value="9.2.0.212"/>
         <property name="browser" value="Edge Chromium 120"/>
         <property name="hostAddress" value="192.168.1.104"/>
         <property name="sessionId" value="680031641c1ca4087797eddbbbc49f65"/>
         <property name="seleniumVersion" value="3.141.59"/>
         <property name="proxyInformation" value="ProxyInformation { proxyOption=NO_PROXY, proxyServerType=HTTP, username=, password=********, proxyServerAddress=, proxyServerPort=0, executionList=&quot;&quot;, isApplyToDesiredCapabilities=true }"/>
         <property name="platform" value="Windows 10"/>
      </properties>
      <testcase name="Test Cases/CURA Healthcare Service/Login_ValidCredentials" time="9.915" classname="Test Cases/CURA Healthcare Service/Login_ValidCredentials" status="PASSED">
         <system-out><![CDATA[03-01-2024T11:54:32 - [TEST_CASE][PASSED] - Test Cases/CURA Healthcare Service/Login_ValidCredentials: Test Cases/CURA Healthcare Service/Login_ValidCredentials

03-01-2024T11:54:32 - [TEST_STEP][PASSED] - openBrowser(""): Browser is opened with url: ''

03-01-2024T11:54:33 - [MESSAGE][INFO] - Starting 'Edge Chromium' driver

03-01-2024T11:54:33 - [MESSAGE][INFO] - Action delay is set to 0 milliseconds

03-01-2024T11:54:34 - [MESSAGE][PASSED] - Browser is opened with url: ''

03-01-2024T11:54:34 - [TEST_STEP][PASSED] - navigateToUrl(URL): Navigate to 'https://katalon-demo-cura.herokuapp.com/' successfully

03-01-2024T11:54:39 - [MESSAGE][PASSED] - Navigate to 'https://katalon-demo-cura.herokuapp.com/' successfully

03-01-2024T11:54:39 - [TEST_STEP][PASSED] - click(findTestObject("Object Repository/Page_CURA Healthcare Service/btnMakeAppointment")): Object: 'Object Repository/Page_CURA Healthcare Service/btnMakeAppointment' is clicked on

03-01-2024T11:54:39 - [MESSAGE][PASSED] - Object: 'Object Repository/Page_CURA Healthcare Service/btnMakeAppointment' is clicked on

03-01-2024T11:54:39 - [TEST_STEP][PASSED] - setText(findTestObject("Object Repository/Page_CURA Healthcare Service/txtUsername"), "John Doe"): Text 'John Doe' is set on object 'Object Repository/Page_CURA Healthcare Service/txtUsername'

03-01-2024T11:54:40 - [MESSAGE][PASSED] - Text 'John Doe' is set on object 'Object Repository/Page_CURA Healthcare Service/txtUsername'

03-01-2024T11:54:40 - [TEST_STEP][PASSED] - setEncryptedText(findTestObject("Object Repository/Page_CURA Healthcare Service/txtPassword"), "g3/DOGG74jC3Flrr3yH+3D/yKbOqqUNM"): Text ****** has been set on object 'Object Repository/Page_CURA Healthcare Service/txtPassword'

03-01-2024T11:54:40 - [MESSAGE][PASSED] - Text ****** has been set on object 'Object Repository/Page_CURA Healthcare Service/txtPassword'

03-01-2024T11:54:40 - [TEST_STEP][PASSED] - click(findTestObject("Object Repository/Page_CURA Healthcare Service/btnLogin")): Object: 'Object Repository/Page_CURA Healthcare Service/btnLogin' is clicked on

03-01-2024T11:54:41 - [MESSAGE][PASSED] - Object: 'Object Repository/Page_CURA Healthcare Service/btnLogin' is clicked on

03-01-2024T11:54:41 - [TEST_STEP][PASSED] - click(findTestObject("Object Repository/Page_CURA Healthcare Service/h2MakeAppointment")): Object: 'Object Repository/Page_CURA Healthcare Service/h2MakeAppointment' is clicked on

03-01-2024T11:54:42 - [MESSAGE][PASSED] - Object: 'Object Repository/Page_CURA Healthcare Service/h2MakeAppointment' is clicked on

03-01-2024T11:54:42 - [TEST_STEP][PASSED] - verifyElementVisible(findTestObject("Object Repository/Page_CURA Healthcare Service/h2MakeAppointment")): Object 'Object Repository/Page_CURA Healthcare Service/h2MakeAppointment' is visible

03-01-2024T11:54:42 - [MESSAGE][PASSED] - Object 'Object Repository/Page_CURA Healthcare Service/h2MakeAppointment' is visible]]></system-out>
         <system-err><![CDATA[]]></system-err>
      </testcase>
      <testcase name="Test Cases/CURA Healthcare Service/Verify_MakeAppointment" time="25.126" classname="Test Cases/CURA Healthcare Service/Verify_MakeAppointment" status="PASSED">
         <system-out><![CDATA[03-01-2024T11:54:42 - [TEST_CASE][PASSED] - Test Cases/CURA Healthcare Service/Verify_MakeAppointment: Test Cases/CURA Healthcare Service/Verify_MakeAppointment

03-01-2024T11:54:42 - [TEST_STEP][PASSED] - callTestCase(findTestCase("CURA Healthcare Service/Login_ValidCredentials"), [:], STOP_ON_FAILURE): Call Test Case 'Test Cases/CURA Healthcare Service/Login_ValidCredentials' successfully

03-01-2024T11:54:42 - [TEST_CASE][PASSED] - Test Cases/CURA Healthcare Service/Login_ValidCredentials: Test Cases/CURA Healthcare Service/Login_ValidCredentials

03-01-2024T11:54:42 - [TEST_STEP][PASSED] - openBrowser(""): Browser is opened with url: ''

03-01-2024T11:54:42 - [MESSAGE][WARNING] - A browser is already opened. Closing browser and opening a new one

03-01-2024T11:54:43 - [MESSAGE][INFO] - Starting 'Edge Chromium' driver

03-01-2024T11:54:43 - [MESSAGE][INFO] - Action delay is set to 0 milliseconds

03-01-2024T11:54:43 - [MESSAGE][PASSED] - Browser is opened with url: ''

03-01-2024T11:54:43 - [TEST_STEP][PASSED] - navigateToUrl(URL): Navigate to 'https://katalon-demo-cura.herokuapp.com/' successfully

03-01-2024T11:54:46 - [MESSAGE][PASSED] - Navigate to 'https://katalon-demo-cura.herokuapp.com/' successfully

03-01-2024T11:54:46 - [TEST_STEP][PASSED] - click(findTestObject("Object Repository/Page_CURA Healthcare Service/btnMakeAppointment")): Object: 'Object Repository/Page_CURA Healthcare Service/btnMakeAppointment' is clicked on

03-01-2024T11:54:47 - [MESSAGE][PASSED] - Object: 'Object Repository/Page_CURA Healthcare Service/btnMakeAppointment' is clicked on

03-01-2024T11:54:47 - [TEST_STEP][PASSED] - setText(findTestObject("Object Repository/Page_CURA Healthcare Service/txtUsername"), "John Doe"): Text 'John Doe' is set on object 'Object Repository/Page_CURA Healthcare Service/txtUsername'

03-01-2024T11:54:48 - [MESSAGE][PASSED] - Text 'John Doe' is set on object 'Object Repository/Page_CURA Healthcare Service/txtUsername'

03-01-2024T11:54:48 - [TEST_STEP][PASSED] - setEncryptedText(findTestObject("Object Repository/Page_CURA Healthcare Service/txtPassword"), "g3/DOGG74jC3Flrr3yH+3D/yKbOqqUNM"): Text ****** has been set on object 'Object Repository/Page_CURA Healthcare Service/txtPassword'

03-01-2024T11:54:48 - [MESSAGE][PASSED] - Text ****** has been set on object 'Object Repository/Page_CURA Healthcare Service/txtPassword'

03-01-2024T11:54:48 - [TEST_STEP][PASSED] - click(findTestObject("Object Repository/Page_CURA Healthcare Service/btnLogin")): Object: 'Object Repository/Page_CURA Healthcare Service/btnLogin' is clicked on

03-01-2024T11:54:49 - [MESSAGE][PASSED] - Object: 'Object Repository/Page_CURA Healthcare Service/btnLogin' is clicked on

03-01-2024T11:54:49 - [TEST_STEP][PASSED] - click(findTestObject("Object Repository/Page_CURA Healthcare Service/h2MakeAppointment")): Object: 'Object Repository/Page_CURA Healthcare Service/h2MakeAppointment' is clicked on

03-01-2024T11:54:49 - [MESSAGE][PASSED] - Object: 'Object Repository/Page_CURA Healthcare Service/h2MakeAppointment' is clicked on

03-01-2024T11:54:49 - [TEST_STEP][PASSED] - verifyElementVisible(findTestObject("Object Repository/Page_CURA Healthcare Service/h2MakeAppointment")): Object 'Object Repository/Page_CURA Healthcare Service/h2MakeAppointment' is visible

03-01-2024T11:54:50 - [MESSAGE][PASSED] - Object 'Object Repository/Page_CURA Healthcare Service/h2MakeAppointment' is visible

03-01-2024T11:54:50 - [MESSAGE][PASSED] - Call Test Case 'Test Cases/CURA Healthcare Service/Login_ValidCredentials' successfully

03-01-2024T11:54:50 - [TEST_STEP][PASSED] - for (def n : (0..2)): Object: 'Object Repository/Page_CURA Healthcare Service/btnGoToHomePage' is clicked on

03-01-2024T11:54:50 - [TEST_STEP][PASSED] - if (n == 0): All options with index in [0] are selected on object 'Object Repository/Page_CURA Healthcare Service/ddHealthCareCenter'

03-01-2024T11:54:50 - [TEST_STEP][PASSED] - selectOptionByIndex(findTestObject("Page_CURA Healthcare Service/ddHealthCareCenter"), 0): All options with index in [0] are selected on object 'Object Repository/Page_CURA Healthcare Service/ddHealthCareCenter'

03-01-2024T11:54:50 - [MESSAGE][PASSED] - All options with index in [0] are selected on object 'Object Repository/Page_CURA Healthcare Service/ddHealthCareCenter'

03-01-2024T11:54:50 - [TEST_STEP][PASSED] - click(findTestObject("Page_CURA Healthcare Service/cbReadMission")): Object: 'Object Repository/Page_CURA Healthcare Service/cbReadMission' is clicked on

03-01-2024T11:54:51 - [MESSAGE][PASSED] - Object: 'Object Repository/Page_CURA Healthcare Service/cbReadMission' is clicked on

03-01-2024T11:54:51 - [TEST_STEP][PASSED] - if (n == 0): Delayed 1 second(s)

03-01-2024T11:54:51 - [TEST_STEP][PASSED] - click(findTestObject("Object Repository/Page_CURA Healthcare Service/cbMedicare")): Object: 'Object Repository/Page_CURA Healthcare Service/cbMedicare' is clicked on

03-01-2024T11:54:51 - [MESSAGE][PASSED] - Object: 'Object Repository/Page_CURA Healthcare Service/cbMedicare' is clicked on

03-01-2024T11:54:51 - [TEST_STEP][PASSED] - delay(1): Delayed 1 second(s)

03-01-2024T11:54:52 - [MESSAGE][PASSED] - Delayed 1 second(s)

03-01-2024T11:54:52 - [TEST_STEP][PASSED] - setText(findTestObject("Page_CURA Healthcare Service/txtVisitDate"), "30/12/2023"): Text '30/12/2023' is set on object 'Object Repository/Page_CURA Healthcare Service/txtVisitDate'

03-01-2024T11:54:53 - [MESSAGE][PASSED] - Text '30/12/2023' is set on object 'Object Repository/Page_CURA Healthcare Service/txtVisitDate'

03-01-2024T11:54:53 - [TEST_STEP][PASSED] - setText(findTestObject("Object Repository/Page_CURA Healthcare Service/Comment_TextArea"), "Able to add a text"): Text 'Able to add a text' is set on object 'Object Repository/Page_CURA Healthcare Service/Comment_TextArea'

03-01-2024T11:54:54 - [MESSAGE][PASSED] - Text 'Able to add a text' is set on object 'Object Repository/Page_CURA Healthcare Service/Comment_TextArea'

03-01-2024T11:54:54 - [TEST_STEP][PASSED] - click(findTestObject("Object Repository/Page_CURA Healthcare Service/btnBookAppointment")): Object: 'Object Repository/Page_CURA Healthcare Service/btnBookAppointment' is clicked on

03-01-2024T11:54:54 - [MESSAGE][PASSED] - Object: 'Object Repository/Page_CURA Healthcare Service/btnBookAppointment' is clicked on

03-01-2024T11:54:54 - [TEST_STEP][PASSED] - navigateToUrl("https://katalon-demo-cura.herokuapp.com/appointment.php#summary"): Navigate to 'https://katalon-demo-cura.herokuapp.com/appointment.php#summary' successfully

03-01-2024T11:54:54 - [MESSAGE][PASSED] - Navigate to 'https://katalon-demo-cura.herokuapp.com/appointment.php#summary' successfully

03-01-2024T11:54:54 - [TEST_STEP][PASSED] - click(findTestObject("Object Repository/Page_CURA Healthcare Service/h2AppointmentConfirmation")): Object: 'Object Repository/Page_CURA Healthcare Service/h2AppointmentConfirmation' is clicked on

03-01-2024T11:54:55 - [MESSAGE][PASSED] - Object: 'Object Repository/Page_CURA Healthcare Service/h2AppointmentConfirmation' is clicked on

03-01-2024T11:54:55 - [TEST_STEP][PASSED] - verifyElementVisible(findTestObject("Object Repository/Page_CURA Healthcare Service/h2AppointmentConfirmation")): Object 'Object Repository/Page_CURA Healthcare Service/h2AppointmentConfirmation' is visible

03-01-2024T11:54:55 - [MESSAGE][PASSED] - Object 'Object Repository/Page_CURA Healthcare Service/h2AppointmentConfirmation' is visible

03-01-2024T11:54:55 - [TEST_STEP][PASSED] - click(findTestObject("Page_CURA Healthcare Service/btnGoToHomePage")): Object: 'Object Repository/Page_CURA Healthcare Service/btnGoToHomePage' is clicked on

03-01-2024T11:54:55 - [MESSAGE][PASSED] - Object: 'Object Repository/Page_CURA Healthcare Service/btnGoToHomePage' is clicked on

03-01-2024T11:54:55 - [TEST_STEP][PASSED] - if (n == 0): null

03-01-2024T11:54:55 - [TEST_STEP][PASSED] - else if (n == 1): All options with index in [1] are selected on object 'Object Repository/Page_CURA Healthcare Service/ddHealthCareCenter'

03-01-2024T11:54:55 - [TEST_STEP][PASSED] - selectOptionByIndex(findTestObject("Page_CURA Healthcare Service/ddHealthCareCenter"), 1): All options with index in [1] are selected on object 'Object Repository/Page_CURA Healthcare Service/ddHealthCareCenter'

03-01-2024T11:54:56 - [MESSAGE][PASSED] - All options with index in [1] are selected on object 'Object Repository/Page_CURA Healthcare Service/ddHealthCareCenter'

03-01-2024T11:54:56 - [TEST_STEP][PASSED] - click(findTestObject("Page_CURA Healthcare Service/cbReadMission")): Object: 'Object Repository/Page_CURA Healthcare Service/cbReadMission' is clicked on

03-01-2024T11:54:57 - [MESSAGE][PASSED] - Object: 'Object Repository/Page_CURA Healthcare Service/cbReadMission' is clicked on

03-01-2024T11:54:57 - [TEST_STEP][PASSED] - if (n == 0): null

03-01-2024T11:54:57 - [TEST_STEP][PASSED] - else if (n == 1): Delayed 1 second(s)

03-01-2024T11:54:57 - [TEST_STEP][PASSED] - click(findTestObject("Object Repository/Page_CURA Healthcare Service/cbMedicaid")): Object: 'Object Repository/Page_CURA Healthcare Service/cbMedicaid' is clicked on

03-01-2024T11:54:57 - [MESSAGE][PASSED] - Object: 'Object Repository/Page_CURA Healthcare Service/cbMedicaid' is clicked on

03-01-2024T11:54:57 - [TEST_STEP][PASSED] - delay(1): Delayed 1 second(s)

03-01-2024T11:54:58 - [MESSAGE][PASSED] - Delayed 1 second(s)

03-01-2024T11:54:58 - [TEST_STEP][PASSED] - setText(findTestObject("Page_CURA Healthcare Service/txtVisitDate"), "30/12/2023"): Text '30/12/2023' is set on object 'Object Repository/Page_CURA Healthcare Service/txtVisitDate'

03-01-2024T11:54:58 - [MESSAGE][PASSED] - Text '30/12/2023' is set on object 'Object Repository/Page_CURA Healthcare Service/txtVisitDate'

03-01-2024T11:54:58 - [TEST_STEP][PASSED] - setText(findTestObject("Object Repository/Page_CURA Healthcare Service/Comment_TextArea"), "Able to add a text"): Text 'Able to add a text' is set on object 'Object Repository/Page_CURA Healthcare Service/Comment_TextArea'

03-01-2024T11:54:59 - [MESSAGE][PASSED] - Text 'Able to add a text' is set on object 'Object Repository/Page_CURA Healthcare Service/Comment_TextArea'

03-01-2024T11:54:59 - [TEST_STEP][PASSED] - click(findTestObject("Object Repository/Page_CURA Healthcare Service/btnBookAppointment")): Object: 'Object Repository/Page_CURA Healthcare Service/btnBookAppointment' is clicked on

03-01-2024T11:55:00 - [MESSAGE][PASSED] - Object: 'Object Repository/Page_CURA Healthcare Service/btnBookAppointment' is clicked on

03-01-2024T11:55:00 - [TEST_STEP][PASSED] - navigateToUrl("https://katalon-demo-cura.herokuapp.com/appointment.php#summary"): Navigate to 'https://katalon-demo-cura.herokuapp.com/appointment.php#summary' successfully

03-01-2024T11:55:00 - [MESSAGE][PASSED] - Navigate to 'https://katalon-demo-cura.herokuapp.com/appointment.php#summary' successfully

03-01-2024T11:55:00 - [TEST_STEP][PASSED] - click(findTestObject("Object Repository/Page_CURA Healthcare Service/h2AppointmentConfirmation")): Object: 'Object Repository/Page_CURA Healthcare Service/h2AppointmentConfirmation' is clicked on

03-01-2024T11:55:00 - [MESSAGE][PASSED] - Object: 'Object Repository/Page_CURA Healthcare Service/h2AppointmentConfirmation' is clicked on

03-01-2024T11:55:00 - [TEST_STEP][PASSED] - verifyElementVisible(findTestObject("Object Repository/Page_CURA Healthcare Service/h2AppointmentConfirmation")): Object 'Object Repository/Page_CURA Healthcare Service/h2AppointmentConfirmation' is visible

03-01-2024T11:55:01 - [MESSAGE][PASSED] - Object 'Object Repository/Page_CURA Healthcare Service/h2AppointmentConfirmation' is visible

03-01-2024T11:55:01 - [TEST_STEP][PASSED] - click(findTestObject("Page_CURA Healthcare Service/btnGoToHomePage")): Object: 'Object Repository/Page_CURA Healthcare Service/btnGoToHomePage' is clicked on

03-01-2024T11:55:01 - [MESSAGE][PASSED] - Object: 'Object Repository/Page_CURA Healthcare Service/btnGoToHomePage' is clicked on

03-01-2024T11:55:01 - [TEST_STEP][PASSED] - if (n == 0): null

03-01-2024T11:55:01 - [TEST_STEP][PASSED] - else if (n == 1): null

03-01-2024T11:55:01 - [TEST_STEP][PASSED] - else: All options with index in [2] are selected on object 'Object Repository/Page_CURA Healthcare Service/ddHealthCareCenter'

03-01-2024T11:55:01 - [TEST_STEP][PASSED] - selectOptionByIndex(findTestObject("Page_CURA Healthcare Service/ddHealthCareCenter"), 2): All options with index in [2] are selected on object 'Object Repository/Page_CURA Healthcare Service/ddHealthCareCenter'

03-01-2024T11:55:02 - [MESSAGE][PASSED] - All options with index in [2] are selected on object 'Object Repository/Page_CURA Healthcare Service/ddHealthCareCenter'

03-01-2024T11:55:02 - [TEST_STEP][PASSED] - click(findTestObject("Page_CURA Healthcare Service/cbReadMission")): Object: 'Object Repository/Page_CURA Healthcare Service/cbReadMission' is clicked on

03-01-2024T11:55:02 - [MESSAGE][PASSED] - Object: 'Object Repository/Page_CURA Healthcare Service/cbReadMission' is clicked on

03-01-2024T11:55:02 - [TEST_STEP][PASSED] - if (n == 0): null

03-01-2024T11:55:02 - [TEST_STEP][PASSED] - else if (n == 1): null

03-01-2024T11:55:02 - [TEST_STEP][PASSED] - else: Delayed 1 second(s)

03-01-2024T11:55:02 - [TEST_STEP][PASSED] - click(findTestObject("Object Repository/Page_CURA Healthcare Service/cbNone")): Object: 'Object Repository/Page_CURA Healthcare Service/cbNone' is clicked on

03-01-2024T11:55:03 - [MESSAGE][PASSED] - Object: 'Object Repository/Page_CURA Healthcare Service/cbNone' is clicked on

03-01-2024T11:55:03 - [TEST_STEP][PASSED] - delay(1): Delayed 1 second(s)

03-01-2024T11:55:04 - [MESSAGE][PASSED] - Delayed 1 second(s)

03-01-2024T11:55:04 - [TEST_STEP][PASSED] - setText(findTestObject("Page_CURA Healthcare Service/txtVisitDate"), "30/12/2023"): Text '30/12/2023' is set on object 'Object Repository/Page_CURA Healthcare Service/txtVisitDate'

03-01-2024T11:55:04 - [MESSAGE][PASSED] - Text '30/12/2023' is set on object 'Object Repository/Page_CURA Healthcare Service/txtVisitDate'

03-01-2024T11:55:04 - [TEST_STEP][PASSED] - setText(findTestObject("Object Repository/Page_CURA Healthcare Service/Comment_TextArea"), "Able to add a text"): Text 'Able to add a text' is set on object 'Object Repository/Page_CURA Healthcare Service/Comment_TextArea'

03-01-2024T11:55:05 - [MESSAGE][PASSED] - Text 'Able to add a text' is set on object 'Object Repository/Page_CURA Healthcare Service/Comment_TextArea'

03-01-2024T11:55:05 - [TEST_STEP][PASSED] - click(findTestObject("Object Repository/Page_CURA Healthcare Service/btnBookAppointment")): Object: 'Object Repository/Page_CURA Healthcare Service/btnBookAppointment' is clicked on

03-01-2024T11:55:06 - [MESSAGE][PASSED] - Object: 'Object Repository/Page_CURA Healthcare Service/btnBookAppointment' is clicked on

03-01-2024T11:55:06 - [TEST_STEP][PASSED] - navigateToUrl("https://katalon-demo-cura.herokuapp.com/appointment.php#summary"): Navigate to 'https://katalon-demo-cura.herokuapp.com/appointment.php#summary' successfully

03-01-2024T11:55:06 - [MESSAGE][PASSED] - Navigate to 'https://katalon-demo-cura.herokuapp.com/appointment.php#summary' successfully

03-01-2024T11:55:06 - [TEST_STEP][PASSED] - click(findTestObject("Object Repository/Page_CURA Healthcare Service/h2AppointmentConfirmation")): Object: 'Object Repository/Page_CURA Healthcare Service/h2AppointmentConfirmation' is clicked on

03-01-2024T11:55:06 - [MESSAGE][PASSED] - Object: 'Object Repository/Page_CURA Healthcare Service/h2AppointmentConfirmation' is clicked on

03-01-2024T11:55:06 - [TEST_STEP][PASSED] - verifyElementVisible(findTestObject("Object Repository/Page_CURA Healthcare Service/h2AppointmentConfirmation")): Object 'Object Repository/Page_CURA Healthcare Service/h2AppointmentConfirmation' is visible

03-01-2024T11:55:06 - [MESSAGE][PASSED] - Object 'Object Repository/Page_CURA Healthcare Service/h2AppointmentConfirmation' is visible

03-01-2024T11:55:06 - [TEST_STEP][PASSED] - click(findTestObject("Page_CURA Healthcare Service/btnGoToHomePage")): Object: 'Object Repository/Page_CURA Healthcare Service/btnGoToHomePage' is clicked on

03-01-2024T11:55:07 - [MESSAGE][PASSED] - Object: 'Object Repository/Page_CURA Healthcare Service/btnGoToHomePage' is clicked on

03-01-2024T11:55:07 - [TEST_STEP][PASSED] - closeBrowser(): Browser is closed

03-01-2024T11:55:07 - [MESSAGE][PASSED] - Browser is closed]]></system-out>
         <system-err><![CDATA[]]></system-err>
      </testcase>
      <system-out><![CDATA[03-01-2024T11:54:32 - [TEST_SUITE][PASSED] - User_Authentication_and_Appointment_Flow: Test Cases/CURA Healthcare Service/Verify_MakeAppointment]]></system-out>
      <system-err><![CDATA[]]></system-err>
   </testsuite>
</testsuites>
