<?xml version="1.0" encoding="UTF-8"?>
<testsuites name="User_Authentication_and_Appointment_Flow" time="20.329" tests="2" failures="0" errors="0">
   <testsuite name="User_Authentication_and_Appointment_Flow" tests="2" failures="0" errors="0" time="20.329" skipped="0" timestamp="28-12-2023T11:05:31" hostname="User - DESKTOP-N742MEB" id="Test Suites/User_Authentication_and_Appointment_Flow">
      <properties>
         <property name="deviceName" value=""/>
         <property name="devicePlatform" value=""/>
         <property name="logFolder" value="C:\\Users\\User\\git\\bug-hunt-katalon\\Reports\\20231228_110523\\User_Authentication_and_Appointment_Flow\\20231228_110523"/>
         <property name="logFiles" value="C:\\Users\\User\\git\\bug-hunt-katalon\\Reports\\20231228_110523\\User_Authentication_and_Appointment_Flow\\20231228_110523\\execution0.log"/>
         <property name="attachments" value=""/>
         <property name="hostName" value="User - DESKTOP-N742MEB"/>
         <property name="os" value="Windows 10 64bit"/>
         <property name="katalonVersion" value="9.1.0.212"/>
         <property name="browser" value="Chrome 120.0.0.0"/>
         <property name="hostAddress" value="192.168.1.104"/>
         <property name="sessionId" value="7be6071edac008b0714853f1c52a817f"/>
         <property name="seleniumVersion" value="3.141.59"/>
         <property name="proxyInformation" value="ProxyInformation { proxyOption=NO_PROXY, proxyServerType=HTTP, username=, password=********, proxyServerAddress=, proxyServerPort=0, executionList=&quot;&quot;, isApplyToDesiredCapabilities=true }"/>
         <property name="platform" value="Windows 10"/>
      </properties>
      <testcase name="Test Cases/CURA Healthcare Service/Login_ValidCredentials" time="9.044" classname="Test Cases/CURA Healthcare Service/Login_ValidCredentials" status="PASSED">
         <system-out><![CDATA[28-12-2023T11:05:31 - [TEST_CASE][PASSED] - Test Cases/CURA Healthcare Service/Login_ValidCredentials: Test Cases/CURA Healthcare Service/Login_ValidCredentials

28-12-2023T11:05:31 - [TEST_STEP][PASSED] - openBrowser(""): Browser is opened with url: ''

28-12-2023T11:05:32 - [MESSAGE][INFO] - Starting 'Chrome' driver

28-12-2023T11:05:32 - [MESSAGE][INFO] - Action delay is set to 0 milliseconds

28-12-2023T11:05:34 - [MESSAGE][PASSED] - Browser is opened with url: ''

28-12-2023T11:05:34 - [TEST_STEP][PASSED] - navigateToUrl("https://katalon-demo-cura.herokuapp.com/"): Navigate to 'https://katalon-demo-cura.herokuapp.com/' successfully

28-12-2023T11:05:37 - [MESSAGE][PASSED] - Navigate to 'https://katalon-demo-cura.herokuapp.com/' successfully

28-12-2023T11:05:37 - [TEST_STEP][PASSED] - click(findTestObject("Object Repository/Page_CURA Healthcare Service/MakeAppointment_Button")): Object: 'Object Repository/Page_CURA Healthcare Service/MakeAppointment_Button' is clicked on

28-12-2023T11:05:38 - [MESSAGE][PASSED] - Object: 'Object Repository/Page_CURA Healthcare Service/MakeAppointment_Button' is clicked on

28-12-2023T11:05:38 - [TEST_STEP][PASSED] - setText(findTestObject("Object Repository/Page_CURA Healthcare Service/Username_Field"), "John Doe"): Text 'John Doe' is set on object 'Object Repository/Page_CURA Healthcare Service/Username_Field'

28-12-2023T11:05:38 - [MESSAGE][PASSED] - Text 'John Doe' is set on object 'Object Repository/Page_CURA Healthcare Service/Username_Field'

28-12-2023T11:05:38 - [TEST_STEP][PASSED] - setEncryptedText(findTestObject("Object Repository/Page_CURA Healthcare Service/Password_Field"), "g3/DOGG74jC3Flrr3yH+3D/yKbOqqUNM"): Text ****** has been set on object 'Object Repository/Page_CURA Healthcare Service/Password_Field'

28-12-2023T11:05:39 - [MESSAGE][PASSED] - Text ****** has been set on object 'Object Repository/Page_CURA Healthcare Service/Password_Field'

28-12-2023T11:05:39 - [TEST_STEP][PASSED] - click(findTestObject("Object Repository/Page_CURA Healthcare Service/button_Login")): Object: 'Object Repository/Page_CURA Healthcare Service/button_Login' is clicked on

28-12-2023T11:05:39 - [MESSAGE][PASSED] - Object: 'Object Repository/Page_CURA Healthcare Service/button_Login' is clicked on

28-12-2023T11:05:39 - [TEST_STEP][PASSED] - click(findTestObject("Object Repository/Page_CURA Healthcare Service/MakeAppointment_Text_After_Login")): Object: 'Object Repository/Page_CURA Healthcare Service/MakeAppointment_Text_After_Login' is clicked on

28-12-2023T11:05:40 - [MESSAGE][PASSED] - Object: 'Object Repository/Page_CURA Healthcare Service/MakeAppointment_Text_After_Login' is clicked on

28-12-2023T11:05:40 - [TEST_STEP][PASSED] - verifyElementVisible(findTestObject("Object Repository/Page_CURA Healthcare Service/MakeAppointment_Text_After_Login")): Object 'Object Repository/Page_CURA Healthcare Service/MakeAppointment_Text_After_Login' is visible

28-12-2023T11:05:40 - [MESSAGE][PASSED] - Object 'Object Repository/Page_CURA Healthcare Service/MakeAppointment_Text_After_Login' is visible]]></system-out>
         <system-err><![CDATA[]]></system-err>
      </testcase>
      <testcase name="Test Cases/CURA Healthcare Service/Verify_MakeAppointment" time="11.098" classname="Test Cases/CURA Healthcare Service/Verify_MakeAppointment" status="PASSED">
         <system-out><![CDATA[28-12-2023T11:05:40 - [TEST_CASE][PASSED] - Test Cases/CURA Healthcare Service/Verify_MakeAppointment: Test Cases/CURA Healthcare Service/Verify_MakeAppointment

28-12-2023T11:05:40 - [TEST_STEP][PASSED] - callTestCase(findTestCase("CURA Healthcare Service/Login_ValidCredentials"), [:], STOP_ON_FAILURE): Call Test Case 'Test Cases/CURA Healthcare Service/Login_ValidCredentials' successfully

28-12-2023T11:05:40 - [TEST_CASE][PASSED] - Test Cases/CURA Healthcare Service/Login_ValidCredentials: Test Cases/CURA Healthcare Service/Login_ValidCredentials

28-12-2023T11:05:40 - [TEST_STEP][PASSED] - openBrowser(""): Browser is opened with url: ''

28-12-2023T11:05:40 - [MESSAGE][WARNING] - A browser is already opened. Closing browser and opening a new one

28-12-2023T11:05:41 - [MESSAGE][INFO] - Starting 'Chrome' driver

28-12-2023T11:05:41 - [MESSAGE][INFO] - Action delay is set to 0 milliseconds

28-12-2023T11:05:42 - [MESSAGE][PASSED] - Browser is opened with url: ''

28-12-2023T11:05:42 - [TEST_STEP][PASSED] - navigateToUrl("https://katalon-demo-cura.herokuapp.com/"): Navigate to 'https://katalon-demo-cura.herokuapp.com/' successfully

28-12-2023T11:05:44 - [MESSAGE][PASSED] - Navigate to 'https://katalon-demo-cura.herokuapp.com/' successfully

28-12-2023T11:05:44 - [TEST_STEP][PASSED] - click(findTestObject("Object Repository/Page_CURA Healthcare Service/MakeAppointment_Button")): Object: 'Object Repository/Page_CURA Healthcare Service/MakeAppointment_Button' is clicked on

28-12-2023T11:05:45 - [MESSAGE][PASSED] - Object: 'Object Repository/Page_CURA Healthcare Service/MakeAppointment_Button' is clicked on

28-12-2023T11:05:45 - [TEST_STEP][PASSED] - setText(findTestObject("Object Repository/Page_CURA Healthcare Service/Username_Field"), "John Doe"): Text 'John Doe' is set on object 'Object Repository/Page_CURA Healthcare Service/Username_Field'

28-12-2023T11:05:46 - [MESSAGE][PASSED] - Text 'John Doe' is set on object 'Object Repository/Page_CURA Healthcare Service/Username_Field'

28-12-2023T11:05:46 - [TEST_STEP][PASSED] - setEncryptedText(findTestObject("Object Repository/Page_CURA Healthcare Service/Password_Field"), "g3/DOGG74jC3Flrr3yH+3D/yKbOqqUNM"): Text ****** has been set on object 'Object Repository/Page_CURA Healthcare Service/Password_Field'

28-12-2023T11:05:46 - [MESSAGE][PASSED] - Text ****** has been set on object 'Object Repository/Page_CURA Healthcare Service/Password_Field'

28-12-2023T11:05:46 - [TEST_STEP][PASSED] - click(findTestObject("Object Repository/Page_CURA Healthcare Service/button_Login")): Object: 'Object Repository/Page_CURA Healthcare Service/button_Login' is clicked on

28-12-2023T11:05:47 - [MESSAGE][PASSED] - Object: 'Object Repository/Page_CURA Healthcare Service/button_Login' is clicked on

28-12-2023T11:05:47 - [TEST_STEP][PASSED] - click(findTestObject("Object Repository/Page_CURA Healthcare Service/MakeAppointment_Text_After_Login")): Object: 'Object Repository/Page_CURA Healthcare Service/MakeAppointment_Text_After_Login' is clicked on

28-12-2023T11:05:47 - [MESSAGE][PASSED] - Object: 'Object Repository/Page_CURA Healthcare Service/MakeAppointment_Text_After_Login' is clicked on

28-12-2023T11:05:47 - [TEST_STEP][PASSED] - verifyElementVisible(findTestObject("Object Repository/Page_CURA Healthcare Service/MakeAppointment_Text_After_Login")): Object 'Object Repository/Page_CURA Healthcare Service/MakeAppointment_Text_After_Login' is visible

28-12-2023T11:05:48 - [MESSAGE][PASSED] - Object 'Object Repository/Page_CURA Healthcare Service/MakeAppointment_Text_After_Login' is visible

28-12-2023T11:05:48 - [MESSAGE][PASSED] - Call Test Case 'Test Cases/CURA Healthcare Service/Login_ValidCredentials' successfully

28-12-2023T11:05:48 - [TEST_STEP][PASSED] - click(findTestObject("Page_CURA Healthcare Service/Checkbox_Hospital_Readmission")): Object: 'Object Repository/Page_CURA Healthcare Service/Checkbox_Hospital_Readmission' is clicked on

28-12-2023T11:05:48 - [MESSAGE][PASSED] - Object: 'Object Repository/Page_CURA Healthcare Service/Checkbox_Hospital_Readmission' is clicked on

28-12-2023T11:05:48 - [TEST_STEP][PASSED] - click(findTestObject("Object Repository/Page_CURA Healthcare Service/Medicare_RadioButton")): Object: 'Object Repository/Page_CURA Healthcare Service/Medicare_RadioButton' is clicked on

28-12-2023T11:05:48 - [MESSAGE][PASSED] - Object: 'Object Repository/Page_CURA Healthcare Service/Medicare_RadioButton' is clicked on

28-12-2023T11:05:48 - [TEST_STEP][PASSED] - click(findTestObject("Object Repository/Page_CURA Healthcare Service/input_visit_date")): Object: 'Object Repository/Page_CURA Healthcare Service/input_visit_date' is clicked on

28-12-2023T11:05:49 - [MESSAGE][PASSED] - Object: 'Object Repository/Page_CURA Healthcare Service/input_visit_date' is clicked on

28-12-2023T11:05:49 - [TEST_STEP][PASSED] - click(findTestObject("Object Repository/Page_CURA Healthcare Service/VisitDate_31_December_2023")): Object: 'Object Repository/Page_CURA Healthcare Service/VisitDate_31_December_2023' is clicked on

28-12-2023T11:05:49 - [MESSAGE][PASSED] - Object: 'Object Repository/Page_CURA Healthcare Service/VisitDate_31_December_2023' is clicked on

28-12-2023T11:05:49 - [TEST_STEP][PASSED] - setText(findTestObject("Object Repository/Page_CURA Healthcare Service/Comment_TextArea"), "Able to add a text"): Text 'Able to add a text' is set on object 'Object Repository/Page_CURA Healthcare Service/Comment_TextArea'

28-12-2023T11:05:50 - [MESSAGE][PASSED] - Text 'Able to add a text' is set on object 'Object Repository/Page_CURA Healthcare Service/Comment_TextArea'

28-12-2023T11:05:50 - [TEST_STEP][PASSED] - click(findTestObject("Object Repository/Page_CURA Healthcare Service/button_BookAppointment")): Object: 'Object Repository/Page_CURA Healthcare Service/button_BookAppointment' is clicked on

28-12-2023T11:05:51 - [MESSAGE][PASSED] - Object: 'Object Repository/Page_CURA Healthcare Service/button_BookAppointment' is clicked on

28-12-2023T11:05:51 - [TEST_STEP][PASSED] - navigateToUrl("https://katalon-demo-cura.herokuapp.com/appointment.php#summary"): Navigate to 'https://katalon-demo-cura.herokuapp.com/appointment.php#summary' successfully

28-12-2023T11:05:51 - [MESSAGE][PASSED] - Navigate to 'https://katalon-demo-cura.herokuapp.com/appointment.php#summary' successfully

28-12-2023T11:05:51 - [TEST_STEP][PASSED] - click(findTestObject("Object Repository/Page_CURA Healthcare Service/Appointment_Confirmation_After_BookAppoitnment")): Object: 'Object Repository/Page_CURA Healthcare Service/Appointment_Confirmation_After_BookAppoitnment' is clicked on

28-12-2023T11:05:51 - [MESSAGE][PASSED] - Object: 'Object Repository/Page_CURA Healthcare Service/Appointment_Confirmation_After_BookAppoitnment' is clicked on

28-12-2023T11:05:51 - [TEST_STEP][PASSED] - verifyElementVisible(findTestObject("Object Repository/Page_CURA Healthcare Service/Appointment_Confirmation_After_BookAppoitnment")): Object 'Object Repository/Page_CURA Healthcare Service/Appointment_Confirmation_After_BookAppoitnment' is visible

28-12-2023T11:05:51 - [MESSAGE][PASSED] - Object 'Object Repository/Page_CURA Healthcare Service/Appointment_Confirmation_After_BookAppoitnment' is visible]]></system-out>
         <system-err><![CDATA[]]></system-err>
      </testcase>
      <system-out><![CDATA[28-12-2023T11:05:31 - [TEST_SUITE][PASSED] - User_Authentication_and_Appointment_Flow: Test Cases/CURA Healthcare Service/Verify_MakeAppointment]]></system-out>
      <system-err><![CDATA[]]></system-err>
   </testsuite>
</testsuites>
